[04-24-2016 10:43:10.338] [main] INFO  com.mijecu25.sqlplus.connection.SQLPlusMySQLConnection.getConnection(92) - Creating a new SQLPlusMySQLConnection instance with username:root password:********* host:localhost database:mysql port:3306
[04-24-2016 10:43:10.344] [main] INFO  com.mijecu25.sqlplus.connection.SQLPlusConnection.<init>(48) - Instantiating the credentials that will be used to connect to a mysql database
[04-24-2016 10:43:10.344] [main] INFO  com.mijecu25.sqlplus.connection.SQLPlusMySQLConnection.<init>(44) - Creating SQLPlusMySQLConnection with username:root password:********* host: localhost database:mysql port:3306
[04-24-2016 10:43:10.344] [main] INFO  com.mijecu25.sqlplus.connection.SQLPlusMySQLConnection.<init>(48) - Will connect to a MySQL database using the credentials provided
[04-24-2016 10:43:10.345] [main] INFO  com.mijecu25.sqlplus.connection.SQLPlusConnection.connect(72) - Adding the connection properties to connect to a mysql database
[04-24-2016 10:43:10.361] [main] INFO  com.mijecu25.sqlplus.connection.SQLPlusConnection.connect(84) - Attempting to connect to the database
[04-24-2016 10:43:10.489] [main] WARN  com.mijecu25.sqlplus.connection.SQLPlusConnection.connect(90) - WARNING: Error when attempting to connect to the database
com.mysql.jdbc.exceptions.jdbc4.CommunicationsException: Communications link failure

The last packet sent successfully to the server was 0 milliseconds ago. The driver has not received any packets from the server.
	at sun.reflect.NativeConstructorAccessorImpl.newInstance0(Native Method) ~[?:1.8.0_65]
	at sun.reflect.NativeConstructorAccessorImpl.newInstance(NativeConstructorAccessorImpl.java:62) ~[?:1.8.0_65]
	at sun.reflect.DelegatingConstructorAccessorImpl.newInstance(DelegatingConstructorAccessorImpl.java:45) ~[?:1.8.0_65]
	at java.lang.reflect.Constructor.newInstance(Constructor.java:422) ~[?:1.8.0_65]
	at com.mysql.jdbc.Util.handleNewInstance(Util.java:404) ~[mysql-connector-java-5.1.38.jar:5.1.38]
	at com.mysql.jdbc.SQLError.createCommunicationsException(SQLError.java:981) ~[mysql-connector-java-5.1.38.jar:5.1.38]
	at com.mysql.jdbc.MysqlIO.<init>(MysqlIO.java:339) ~[mysql-connector-java-5.1.38.jar:5.1.38]
	at com.mysql.jdbc.ConnectionImpl.coreConnect(ConnectionImpl.java:2253) ~[mysql-connector-java-5.1.38.jar:5.1.38]
	at com.mysql.jdbc.ConnectionImpl.connectOneTryOnly(ConnectionImpl.java:2286) ~[mysql-connector-java-5.1.38.jar:5.1.38]
	at com.mysql.jdbc.ConnectionImpl.createNewIO(ConnectionImpl.java:2085) ~[mysql-connector-java-5.1.38.jar:5.1.38]
	at com.mysql.jdbc.ConnectionImpl.<init>(ConnectionImpl.java:795) ~[mysql-connector-java-5.1.38.jar:5.1.38]
	at com.mysql.jdbc.JDBC4Connection.<init>(JDBC4Connection.java:44) ~[mysql-connector-java-5.1.38.jar:5.1.38]
	at sun.reflect.NativeConstructorAccessorImpl.newInstance0(Native Method) ~[?:1.8.0_65]
	at sun.reflect.NativeConstructorAccessorImpl.newInstance(NativeConstructorAccessorImpl.java:62) ~[?:1.8.0_65]
	at sun.reflect.DelegatingConstructorAccessorImpl.newInstance(DelegatingConstructorAccessorImpl.java:45) ~[?:1.8.0_65]
	at java.lang.reflect.Constructor.newInstance(Constructor.java:422) ~[?:1.8.0_65]
	at com.mysql.jdbc.Util.handleNewInstance(Util.java:404) ~[mysql-connector-java-5.1.38.jar:5.1.38]
	at com.mysql.jdbc.ConnectionImpl.getInstance(ConnectionImpl.java:400) ~[mysql-connector-java-5.1.38.jar:5.1.38]
	at com.mysql.jdbc.NonRegisteringDriver.connect(NonRegisteringDriver.java:327) ~[mysql-connector-java-5.1.38.jar:5.1.38]
	at java.sql.DriverManager.getConnection(DriverManager.java:664) ~[?:1.8.0_65]
	at java.sql.DriverManager.getConnection(DriverManager.java:208) ~[?:1.8.0_65]
	at com.mijecu25.sqlplus.connection.SQLPlusConnection.connect(SQLPlusConnection.java:86) [classes/:?]
	at com.mijecu25.sqlplus.connection.SQLPlusMySQLConnection.<init>(SQLPlusMySQLConnection.java:49) [classes/:?]
	at com.mijecu25.sqlplus.connection.SQLPlusMySQLConnection.getConnection(SQLPlusMySQLConnection.java:95) [classes/:?]
	at com.mijecu25.sqlplus.connection.TestSQLPlusConnection.initialize(TestSQLPlusConnection.java:35) [test-classes/:?]
	at sun.reflect.NativeMethodAccessorImpl.invoke0(Native Method) ~[?:1.8.0_65]
	at sun.reflect.NativeMethodAccessorImpl.invoke(NativeMethodAccessorImpl.java:62) ~[?:1.8.0_65]
	at sun.reflect.DelegatingMethodAccessorImpl.invoke(DelegatingMethodAccessorImpl.java:43) ~[?:1.8.0_65]
	at java.lang.reflect.Method.invoke(Method.java:497) ~[?:1.8.0_65]
	at org.junit.runners.model.FrameworkMethod$1.runReflectiveCall(FrameworkMethod.java:50) [junit-4.12.jar:4.12]
	at org.junit.internal.runners.model.ReflectiveCallable.run(ReflectiveCallable.java:12) [junit-4.12.jar:4.12]
	at org.junit.runners.model.FrameworkMethod.invokeExplosively(FrameworkMethod.java:47) [junit-4.12.jar:4.12]
	at org.junit.internal.runners.statements.RunBefores.evaluate(RunBefores.java:24) [junit-4.12.jar:4.12]
	at org.junit.internal.runners.statements.RunAfters.evaluate(RunAfters.java:27) [junit-4.12.jar:4.12]
	at org.junit.runners.ParentRunner.run(ParentRunner.java:363) [junit-4.12.jar:4.12]
	at org.apache.maven.surefire.junit4.JUnit4Provider.execute(JUnit4Provider.java:252) [surefire-junit4-2.12.4.jar:2.12.4]
	at org.apache.maven.surefire.junit4.JUnit4Provider.executeTestSet(JUnit4Provider.java:141) [surefire-junit4-2.12.4.jar:2.12.4]
	at org.apache.maven.surefire.junit4.JUnit4Provider.invoke(JUnit4Provider.java:112) [surefire-junit4-2.12.4.jar:2.12.4]
	at sun.reflect.NativeMethodAccessorImpl.invoke0(Native Method) ~[?:1.8.0_65]
	at sun.reflect.NativeMethodAccessorImpl.invoke(NativeMethodAccessorImpl.java:62) ~[?:1.8.0_65]
	at sun.reflect.DelegatingMethodAccessorImpl.invoke(DelegatingMethodAccessorImpl.java:43) ~[?:1.8.0_65]
	at java.lang.reflect.Method.invoke(Method.java:497) ~[?:1.8.0_65]
	at org.apache.maven.surefire.util.ReflectionUtils.invokeMethodWithArray(ReflectionUtils.java:189) [surefire-api-2.12.4.jar:2.12.4]
	at org.apache.maven.surefire.booter.ProviderFactory$ProviderProxy.invoke(ProviderFactory.java:165) [surefire-booter-2.12.4.jar:2.12.4]
	at org.apache.maven.surefire.booter.ProviderFactory.invokeProvider(ProviderFactory.java:85) [surefire-booter-2.12.4.jar:2.12.4]
	at org.apache.maven.surefire.booter.ForkedBooter.runSuitesInProcess(ForkedBooter.java:115) [surefire-booter-2.12.4.jar:2.12.4]
	at org.apache.maven.surefire.booter.ForkedBooter.main(ForkedBooter.java:75) [surefire-booter-2.12.4.jar:2.12.4]
Caused by: java.net.ConnectException: Connection refused
	at java.net.PlainSocketImpl.socketConnect(Native Method) ~[?:1.8.0_65]
	at java.net.AbstractPlainSocketImpl.doConnect(AbstractPlainSocketImpl.java:350) ~[?:1.8.0_65]
	at java.net.AbstractPlainSocketImpl.connectToAddress(AbstractPlainSocketImpl.java:206) ~[?:1.8.0_65]
	at java.net.AbstractPlainSocketImpl.connect(AbstractPlainSocketImpl.java:188) ~[?:1.8.0_65]
	at java.net.SocksSocketImpl.connect(SocksSocketImpl.java:392) ~[?:1.8.0_65]
	at java.net.Socket.connect(Socket.java:589) ~[?:1.8.0_65]
	at com.mysql.jdbc.StandardSocketFactory.connect(StandardSocketFactory.java:211) ~[mysql-connector-java-5.1.38.jar:5.1.38]
	at com.mysql.jdbc.MysqlIO.<init>(MysqlIO.java:298) ~[mysql-connector-java-5.1.38.jar:5.1.38]
	... 40 more
[04-24-2016 10:43:10.495] [main] WARN  com.mijecu25.sqlplus.connection.SQLPlusConnection.connect(94) - WARNING: Throwing a CommunicationsException to the calling class
[04-24-2016 10:43:10.498] [main] INFO  com.mijecu25.sqlplus.connection.SQLPlusMySQLConnection.getConnection(92) - Creating a new SQLPlusMySQLConnection instance with username:root password:********* host:localhost database:mysql port:3306
[04-24-2016 10:43:10.499] [main] INFO  com.mijecu25.sqlplus.connection.SQLPlusConnection.<init>(48) - Instantiating the credentials that will be used to connect to a mysql database
[04-24-2016 10:43:10.499] [main] INFO  com.mijecu25.sqlplus.connection.SQLPlusMySQLConnection.<init>(44) - Creating SQLPlusMySQLConnection with username:root password:********* host: localhost database:mysql port:3306
[04-24-2016 10:43:10.499] [main] INFO  com.mijecu25.sqlplus.connection.SQLPlusMySQLConnection.<init>(48) - Will connect to a MySQL database using the credentials provided
[04-24-2016 10:43:10.499] [main] INFO  com.mijecu25.sqlplus.connection.SQLPlusConnection.connect(72) - Adding the connection properties to connect to a mysql database
[04-24-2016 10:43:10.526] [main] INFO  com.mijecu25.sqlplus.connection.SQLPlusConnection.connect(84) - Attempting to connect to the database
[04-24-2016 10:43:10.527] [main] WARN  com.mijecu25.sqlplus.connection.SQLPlusConnection.connect(90) - WARNING: Error when attempting to connect to the database
com.mysql.jdbc.exceptions.jdbc4.CommunicationsException: Communications link failure

The last packet sent successfully to the server was 0 milliseconds ago. The driver has not received any packets from the server.
	at sun.reflect.NativeConstructorAccessorImpl.newInstance0(Native Method) ~[?:1.8.0_65]
	at sun.reflect.NativeConstructorAccessorImpl.newInstance(NativeConstructorAccessorImpl.java:62) ~[?:1.8.0_65]
	at sun.reflect.DelegatingConstructorAccessorImpl.newInstance(DelegatingConstructorAccessorImpl.java:45) ~[?:1.8.0_65]
	at java.lang.reflect.Constructor.newInstance(Constructor.java:422) ~[?:1.8.0_65]
	at com.mysql.jdbc.Util.handleNewInstance(Util.java:404) ~[mysql-connector-java-5.1.38.jar:5.1.38]
	at com.mysql.jdbc.SQLError.createCommunicationsException(SQLError.java:981) ~[mysql-connector-java-5.1.38.jar:5.1.38]
	at com.mysql.jdbc.MysqlIO.<init>(MysqlIO.java:339) ~[mysql-connector-java-5.1.38.jar:5.1.38]
	at com.mysql.jdbc.ConnectionImpl.coreConnect(ConnectionImpl.java:2253) ~[mysql-connector-java-5.1.38.jar:5.1.38]
	at com.mysql.jdbc.ConnectionImpl.connectOneTryOnly(ConnectionImpl.java:2286) ~[mysql-connector-java-5.1.38.jar:5.1.38]
	at com.mysql.jdbc.ConnectionImpl.createNewIO(ConnectionImpl.java:2085) ~[mysql-connector-java-5.1.38.jar:5.1.38]
	at com.mysql.jdbc.ConnectionImpl.<init>(ConnectionImpl.java:795) ~[mysql-connector-java-5.1.38.jar:5.1.38]
	at com.mysql.jdbc.JDBC4Connection.<init>(JDBC4Connection.java:44) ~[mysql-connector-java-5.1.38.jar:5.1.38]
	at sun.reflect.NativeConstructorAccessorImpl.newInstance0(Native Method) ~[?:1.8.0_65]
	at sun.reflect.NativeConstructorAccessorImpl.newInstance(NativeConstructorAccessorImpl.java:62) ~[?:1.8.0_65]
	at sun.reflect.DelegatingConstructorAccessorImpl.newInstance(DelegatingConstructorAccessorImpl.java:45) ~[?:1.8.0_65]
	at java.lang.reflect.Constructor.newInstance(Constructor.java:422) ~[?:1.8.0_65]
	at com.mysql.jdbc.Util.handleNewInstance(Util.java:404) ~[mysql-connector-java-5.1.38.jar:5.1.38]
	at com.mysql.jdbc.ConnectionImpl.getInstance(ConnectionImpl.java:400) ~[mysql-connector-java-5.1.38.jar:5.1.38]
	at com.mysql.jdbc.NonRegisteringDriver.connect(NonRegisteringDriver.java:327) ~[mysql-connector-java-5.1.38.jar:5.1.38]
	at java.sql.DriverManager.getConnection(DriverManager.java:664) ~[?:1.8.0_65]
	at java.sql.DriverManager.getConnection(DriverManager.java:208) ~[?:1.8.0_65]
	at com.mijecu25.sqlplus.connection.SQLPlusConnection.connect(SQLPlusConnection.java:86) [classes/:?]
	at com.mijecu25.sqlplus.connection.SQLPlusMySQLConnection.<init>(SQLPlusMySQLConnection.java:49) [classes/:?]
	at com.mijecu25.sqlplus.connection.SQLPlusMySQLConnection.getConnection(SQLPlusMySQLConnection.java:95) [classes/:?]
	at com.mijecu25.sqlplus.connection.TestSQLPlusConnection.initialize(TestSQLPlusConnection.java:35) [test-classes/:?]
	at sun.reflect.NativeMethodAccessorImpl.invoke0(Native Method) ~[?:1.8.0_65]
	at sun.reflect.NativeMethodAccessorImpl.invoke(NativeMethodAccessorImpl.java:62) ~[?:1.8.0_65]
	at sun.reflect.DelegatingMethodAccessorImpl.invoke(DelegatingMethodAccessorImpl.java:43) ~[?:1.8.0_65]
	at java.lang.reflect.Method.invoke(Method.java:497) ~[?:1.8.0_65]
	at org.junit.runners.model.FrameworkMethod$1.runReflectiveCall(FrameworkMethod.java:50) [junit-4.12.jar:4.12]
	at org.junit.internal.runners.model.ReflectiveCallable.run(ReflectiveCallable.java:12) [junit-4.12.jar:4.12]
	at org.junit.runners.model.FrameworkMethod.invokeExplosively(FrameworkMethod.java:47) [junit-4.12.jar:4.12]
	at org.junit.internal.runners.statements.RunBefores.evaluate(RunBefores.java:24) [junit-4.12.jar:4.12]
	at org.junit.internal.runners.statements.RunAfters.evaluate(RunAfters.java:27) [junit-4.12.jar:4.12]
	at org.junit.runners.ParentRunner.run(ParentRunner.java:363) [junit-4.12.jar:4.12]
	at org.apache.maven.surefire.junit4.JUnit4Provider.execute(JUnit4Provider.java:252) [surefire-junit4-2.12.4.jar:2.12.4]
	at org.apache.maven.surefire.junit4.JUnit4Provider.executeTestSet(JUnit4Provider.java:141) [surefire-junit4-2.12.4.jar:2.12.4]
	at org.apache.maven.surefire.junit4.JUnit4Provider.invoke(JUnit4Provider.java:112) [surefire-junit4-2.12.4.jar:2.12.4]
	at sun.reflect.NativeMethodAccessorImpl.invoke0(Native Method) ~[?:1.8.0_65]
	at sun.reflect.NativeMethodAccessorImpl.invoke(NativeMethodAccessorImpl.java:62) ~[?:1.8.0_65]
	at sun.reflect.DelegatingMethodAccessorImpl.invoke(DelegatingMethodAccessorImpl.java:43) ~[?:1.8.0_65]
	at java.lang.reflect.Method.invoke(Method.java:497) ~[?:1.8.0_65]
	at org.apache.maven.surefire.util.ReflectionUtils.invokeMethodWithArray(ReflectionUtils.java:189) [surefire-api-2.12.4.jar:2.12.4]
	at org.apache.maven.surefire.booter.ProviderFactory$ProviderProxy.invoke(ProviderFactory.java:165) [surefire-booter-2.12.4.jar:2.12.4]
	at org.apache.maven.surefire.booter.ProviderFactory.invokeProvider(ProviderFactory.java:85) [surefire-booter-2.12.4.jar:2.12.4]
	at org.apache.maven.surefire.booter.ForkedBooter.runSuitesInProcess(ForkedBooter.java:115) [surefire-booter-2.12.4.jar:2.12.4]
	at org.apache.maven.surefire.booter.ForkedBooter.main(ForkedBooter.java:75) [surefire-booter-2.12.4.jar:2.12.4]
Caused by: java.net.ConnectException: Connection refused
	at java.net.PlainSocketImpl.socketConnect(Native Method) ~[?:1.8.0_65]
	at java.net.AbstractPlainSocketImpl.doConnect(AbstractPlainSocketImpl.java:350) ~[?:1.8.0_65]
	at java.net.AbstractPlainSocketImpl.connectToAddress(AbstractPlainSocketImpl.java:206) ~[?:1.8.0_65]
	at java.net.AbstractPlainSocketImpl.connect(AbstractPlainSocketImpl.java:188) ~[?:1.8.0_65]
	at java.net.SocksSocketImpl.connect(SocksSocketImpl.java:392) ~[?:1.8.0_65]
	at java.net.Socket.connect(Socket.java:589) ~[?:1.8.0_65]
	at com.mysql.jdbc.StandardSocketFactory.connect(StandardSocketFactory.java:211) ~[mysql-connector-java-5.1.38.jar:5.1.38]
	at com.mysql.jdbc.MysqlIO.<init>(MysqlIO.java:298) ~[mysql-connector-java-5.1.38.jar:5.1.38]
	... 40 more
[04-24-2016 10:43:10.528] [main] WARN  com.mijecu25.sqlplus.connection.SQLPlusConnection.connect(94) - WARNING: Throwing a CommunicationsException to the calling class
[04-24-2016 10:43:23.135] [main] INFO  com.mijecu25.sqlplus.connection.SQLPlusMySQLConnection.getConnection(92) - Creating a new SQLPlusMySQLConnection instance with username:root password:********* host:localhost database:mysql port:3306
[04-24-2016 10:43:23.136] [main] INFO  com.mijecu25.sqlplus.connection.SQLPlusConnection.<init>(48) - Instantiating the credentials that will be used to connect to a mysql database
[04-24-2016 10:43:23.136] [main] INFO  com.mijecu25.sqlplus.connection.SQLPlusMySQLConnection.<init>(44) - Creating SQLPlusMySQLConnection with username:root password:********* host: localhost database:mysql port:3306
[04-24-2016 10:43:23.136] [main] INFO  com.mijecu25.sqlplus.connection.SQLPlusMySQLConnection.<init>(48) - Will connect to a MySQL database using the credentials provided
[04-24-2016 10:43:23.136] [main] INFO  com.mijecu25.sqlplus.connection.SQLPlusConnection.connect(72) - Adding the connection properties to connect to a mysql database
[04-24-2016 10:43:23.152] [main] INFO  com.mijecu25.sqlplus.connection.SQLPlusConnection.connect(84) - Attempting to connect to the database
[04-24-2016 10:43:23.540] [main] INFO  com.mijecu25.sqlplus.connection.SQLPlusMySQLConnection.getConnection(99) - Returning a SQLPlusMySQLConnection instance SQLPlusConnection [username=root, host=localhost, database=mysql, port=3306]
[04-24-2016 10:43:23.543] [main] INFO  com.mijecu25.sqlplus.compiler.core.statement.ShowDatabasesStatement.<init>(29) - Parsed and created a ShowDatabasesStatement
[04-24-2016 10:43:23.543] [main] INFO  com.mijecu25.sqlplus.connection.SQLPlusConnection.execute(105) - Query to be executed: "ShowDatabasesStatement [statement=show databases]"
[04-24-2016 10:43:23.543] [main] INFO  com.mijecu25.sqlplus.compiler.core.statement.ShowDatabasesStatement.execute(37) - Will execute the code to show the databases
[04-24-2016 10:43:23.549] [main] INFO  com.mijecu25.sqlplus.compiler.core.statement.ShowDatabasesStatement.printResult(49) - Printing the labels of the columns in the result
[04-24-2016 10:43:23.556] [main] INFO  com.mijecu25.sqlplus.connection.SQLPlusConnection.disconnect(216) - Attempting to disconnect from the database
[04-24-2016 10:43:23.558] [main] INFO  com.mijecu25.sqlplus.connection.SQLPlusConnection.disconnect(218) - Disconnected from the database
[04-24-2016 10:43:23.560] [main] INFO  com.mijecu25.sqlplus.connection.SQLPlusMySQLConnection.getConnection(92) - Creating a new SQLPlusMySQLConnection instance with username:root password:********* host:localhost database:mysql port:3306
[04-24-2016 10:43:23.560] [main] INFO  com.mijecu25.sqlplus.connection.SQLPlusConnection.<init>(48) - Instantiating the credentials that will be used to connect to a mysql database
[04-24-2016 10:43:23.560] [main] INFO  com.mijecu25.sqlplus.connection.SQLPlusMySQLConnection.<init>(44) - Creating SQLPlusMySQLConnection with username:root password:********* host: localhost database:mysql port:3306
[04-24-2016 10:43:23.560] [main] INFO  com.mijecu25.sqlplus.connection.SQLPlusMySQLConnection.<init>(48) - Will connect to a MySQL database using the credentials provided
[04-24-2016 10:43:23.560] [main] INFO  com.mijecu25.sqlplus.connection.SQLPlusConnection.connect(72) - Adding the connection properties to connect to a mysql database
[04-24-2016 10:43:23.594] [main] INFO  com.mijecu25.sqlplus.connection.SQLPlusConnection.connect(84) - Attempting to connect to the database
[04-24-2016 10:43:23.605] [main] INFO  com.mijecu25.sqlplus.connection.SQLPlusMySQLConnection.getConnection(99) - Returning a SQLPlusMySQLConnection instance SQLPlusConnection [username=root, host=localhost, database=mysql, port=3306]
[04-24-2016 10:43:23.606] [main] WARN  com.mijecu25.sqlplus.connection.SQLPlusMySQLConnection.getConnection(162) - There is not an SQLPlusMySQLConnection
[04-24-2016 10:43:23.606] [main] INFO  com.mijecu25.sqlplus.connection.SQLPlusMySQLConnection.getConnection(169) - Returning a SQLPlusMySQLConnection instance null
[04-24-2016 10:43:23.606] [main] INFO  com.mijecu25.sqlplus.connection.SQLPlusMySQLConnection.getConnection(142) - Creating a new SQLPlusMySQLConnection instance with username:root password:********* host:localhost
[04-24-2016 10:43:23.606] [main] INFO  com.mijecu25.sqlplus.connection.SQLPlusConnection.<init>(48) - Instantiating the credentials that will be used to connect to a mysql database
[04-24-2016 10:43:23.606] [main] INFO  com.mijecu25.sqlplus.connection.SQLPlusMySQLConnection.<init>(44) - Creating SQLPlusMySQLConnection with username:root password:********* host: localhost database:mysql port:3306
[04-24-2016 10:43:23.607] [main] INFO  com.mijecu25.sqlplus.connection.SQLPlusMySQLConnection.<init>(48) - Will connect to a MySQL database using the credentials provided
[04-24-2016 10:43:23.607] [main] INFO  com.mijecu25.sqlplus.connection.SQLPlusConnection.connect(72) - Adding the connection properties to connect to a mysql database
[04-24-2016 10:43:23.639] [main] INFO  com.mijecu25.sqlplus.connection.SQLPlusConnection.connect(84) - Attempting to connect to the database
[04-24-2016 10:43:23.651] [main] INFO  com.mijecu25.sqlplus.connection.SQLPlusMySQLConnection.getConnection(149) - Returning a SQLPlusMySQLConnection instance SQLPlusConnection [username=root, host=localhost, database=mysql, port=3306]
[04-24-2016 10:43:23.652] [main] INFO  com.mijecu25.sqlplus.connection.SQLPlusMySQLConnection.getConnection(92) - Creating a new SQLPlusMySQLConnection instance with username:root password:********* host:localhost database:mysql port:3306
[04-24-2016 10:43:23.652] [main] INFO  com.mijecu25.sqlplus.connection.SQLPlusConnection.<init>(48) - Instantiating the credentials that will be used to connect to a mysql database
[04-24-2016 10:43:23.652] [main] INFO  com.mijecu25.sqlplus.connection.SQLPlusMySQLConnection.<init>(44) - Creating SQLPlusMySQLConnection with username:root password:********* host: localhost database:mysql port:3306
[04-24-2016 10:43:23.652] [main] INFO  com.mijecu25.sqlplus.connection.SQLPlusMySQLConnection.<init>(48) - Will connect to a MySQL database using the credentials provided
[04-24-2016 10:43:23.652] [main] INFO  com.mijecu25.sqlplus.connection.SQLPlusConnection.connect(72) - Adding the connection properties to connect to a mysql database
[04-24-2016 10:43:23.678] [main] INFO  com.mijecu25.sqlplus.connection.SQLPlusConnection.connect(84) - Attempting to connect to the database
[04-24-2016 10:43:23.687] [main] INFO  com.mijecu25.sqlplus.connection.SQLPlusMySQLConnection.getConnection(99) - Returning a SQLPlusMySQLConnection instance SQLPlusConnection [username=root, host=localhost, database=mysql, port=3306]
[04-24-2016 10:43:23.687] [main] INFO  com.mijecu25.sqlplus.connection.SQLPlusMySQLConnection.getConnection(118) - Creating a new SQLPlusMySQLConnection instance with username:root password:********* host:localhost port:3306
[04-24-2016 10:43:23.687] [main] INFO  com.mijecu25.sqlplus.connection.SQLPlusConnection.<init>(48) - Instantiating the credentials that will be used to connect to a mysql database
[04-24-2016 10:43:23.687] [main] INFO  com.mijecu25.sqlplus.connection.SQLPlusMySQLConnection.<init>(44) - Creating SQLPlusMySQLConnection with username:root password:********* host: localhost database:mysql port:3306
[04-24-2016 10:43:23.687] [main] INFO  com.mijecu25.sqlplus.connection.SQLPlusMySQLConnection.<init>(48) - Will connect to a MySQL database using the credentials provided
[04-24-2016 10:43:23.688] [main] INFO  com.mijecu25.sqlplus.connection.SQLPlusConnection.connect(72) - Adding the connection properties to connect to a mysql database
[04-24-2016 10:43:23.704] [main] INFO  com.mijecu25.sqlplus.connection.SQLPlusConnection.connect(84) - Attempting to connect to the database
[04-24-2016 10:43:23.711] [main] INFO  com.mijecu25.sqlplus.connection.SQLPlusMySQLConnection.getConnection(125) - Returning a SQLPlusMySQLConnection instance SQLPlusConnection [username=root, host=localhost, database=mysql, port=3306]
[04-24-2016 10:43:23.712] [main] INFO  com.mijecu25.sqlplus.compiler.core.statement.ShowDatabasesStatement.<init>(29) - Parsed and created a ShowDatabasesStatement
[04-24-2016 10:43:23.712] [main] INFO  com.mijecu25.sqlplus.connection.SQLPlusConnection.execute(105) - Query to be executed: "ShowDatabasesStatement [statement=show databases]"
[04-24-2016 10:43:23.712] [main] INFO  com.mijecu25.sqlplus.compiler.core.statement.ShowDatabasesStatement.execute(37) - Will execute the code to show the databases
[04-24-2016 10:43:23.713] [main] INFO  com.mijecu25.sqlplus.compiler.core.statement.ShowDatabasesStatement.printResult(49) - Printing the labels of the columns in the result
[04-24-2016 10:43:23.714] [main] INFO  com.mijecu25.sqlplus.connection.SQLPlusConnection.disconnect(216) - Attempting to disconnect from the database
[04-24-2016 10:43:23.715] [main] INFO  com.mijecu25.sqlplus.connection.SQLPlusConnection.disconnect(218) - Disconnected from the database
[04-24-2016 11:14:39.801] [main] INFO  com.mijecu25.sqlplus.SQLPlus.main(57) - Initializing SQLPlus version 0.1.0-SNAPSHOT
[04-24-2016 11:14:39.920] [main] INFO  com.mijecu25.sqlplus.SQLPlus.main(106) - Create SQLPlusConnection
[04-24-2016 11:14:39.921] [main] INFO  com.mijecu25.sqlplus.SQLPlus.createSQLPlusConnection(356) - Connection with username, password, and host
[04-24-2016 11:14:39.921] [main] INFO  com.mijecu25.sqlplus.connection.SQLPlusMySQLConnection.getConnection(142) - Creating a new SQLPlusMySQLConnection instance with username:root password:********* host:127.0.0.1
[04-24-2016 11:14:39.921] [main] INFO  com.mijecu25.sqlplus.connection.SQLPlusConnection.<init>(48) - Instantiating the credentials that will be used to connect to a mysql database
[04-24-2016 11:14:39.921] [main] INFO  com.mijecu25.sqlplus.connection.SQLPlusMySQLConnection.<init>(44) - Creating SQLPlusMySQLConnection with username:root password:********* host: 127.0.0.1 database:mysql port:3306
[04-24-2016 11:14:39.921] [main] INFO  com.mijecu25.sqlplus.connection.SQLPlusMySQLConnection.<init>(48) - Will connect to a MySQL database using the credentials provided
[04-24-2016 11:14:39.921] [main] INFO  com.mijecu25.sqlplus.connection.SQLPlusConnection.connect(72) - Adding the connection properties to connect to a mysql database
[04-24-2016 11:14:39.939] [main] INFO  com.mijecu25.sqlplus.connection.SQLPlusConnection.connect(84) - Attempting to connect to the database
[04-24-2016 11:14:40.277] [main] INFO  com.mijecu25.sqlplus.connection.SQLPlusMySQLConnection.getConnection(149) - Returning a SQLPlusMySQLConnection instance SQLPlusConnection [username=root, host=127.0.0.1, database=mysql, port=3306]
[04-24-2016 11:14:40.278] [main] INFO  com.mijecu25.sqlplus.SQLPlus.createSQLPlusConnection(360) - Created and returning a SQLPlusConnection SQLPlusConnection [username=root, host=127.0.0.1, database=mysql, port=3306]
[04-24-2016 11:14:45.908] [main] INFO  com.mijecu25.sqlplus.SQLPlus.main(180) - Will parse the user input to determine what to execute
[04-24-2016 11:14:45.924] [main] INFO  com.mijecu25.sqlplus.compiler.core.statement.Statement.<init>(33) - Created a Statement with a connection and statement
[04-24-2016 11:14:45.924] [main] INFO  com.mijecu25.sqlplus.compiler.core.statement.Statement.<init>(61) - Created a Statement with a statement
[04-24-2016 11:14:45.924] [main] INFO  com.mijecu25.sqlplus.compiler.core.statement.ShowDatabasesStatement.<init>(28) - Parsed and created a ShowDatabasesStatement
[04-24-2016 11:14:45.924] [main] INFO  com.mijecu25.sqlplus.connection.SQLPlusConnection.execute(105) - Query to be executed: "ShowDatabasesStatement [statement=show databases]"
[04-24-2016 11:14:45.924] [main] INFO  com.mijecu25.sqlplus.compiler.core.statement.ShowDatabasesStatement.execute(34) - Will execute the code to show the databases
[04-24-2016 11:14:45.927] [main] INFO  com.mijecu25.sqlplus.compiler.core.statement.ShowDatabasesStatement.printResult(47) - Printing the labels of the columns in the result
[04-24-2016 11:16:55.735] [main] INFO  com.mijecu25.sqlplus.SQLPlus.main(180) - Will parse the user input to determine what to execute
[04-24-2016 11:16:55.736] [main] INFO  com.mijecu25.sqlplus.compiler.core.statement.Statement.<init>(33) - Created a Statement with a connection and statement
[04-24-2016 11:16:55.736] [main] INFO  com.mijecu25.sqlplus.compiler.core.statement.Statement.<init>(61) - Created a Statement with a statement
[04-24-2016 11:16:55.736] [main] INFO  com.mijecu25.sqlplus.connection.SQLPlusConnection.execute(105) - Query to be executed: "StatementUseDatabase [statement()=usetest]"
[04-24-2016 11:17:16.286] [main] INFO  com.mijecu25.sqlplus.SQLPlus.main(159) - The user wants to quit SQLPlus
[04-24-2016 11:17:16.286] [main] INFO  com.mijecu25.sqlplus.SQLPlus.exitSQLPlus(371) - Attempting to disconnect the SQLPlusConnection
[04-24-2016 11:17:16.286] [main] INFO  com.mijecu25.sqlplus.connection.SQLPlusConnection.disconnect(216) - Attempting to disconnect from the database
[04-24-2016 11:17:16.289] [main] INFO  com.mijecu25.sqlplus.connection.SQLPlusConnection.disconnect(218) - Disconnected from the database
[04-24-2016 11:17:16.289] [main] INFO  com.mijecu25.sqlplus.SQLPlus.exitSQLPlus(373) - Disconnected the SQLPlusConnection
[04-24-2016 11:17:16.289] [main] INFO  com.mijecu25.sqlplus.SQLPlus.exitSQLPlus(377) - Reset the console from jline
[04-24-2016 11:17:16.289] [main] INFO  com.mijecu25.sqlplus.SQLPlus.resetConsole(390) - About to reset the console from jline
[04-24-2016 11:17:16.295] [main] INFO  com.mijecu25.sqlplus.SQLPlus.resetConsole(392) - Reset the console from jline
[04-24-2016 11:17:16.295] [main] INFO  com.mijecu25.sqlplus.SQLPlus.exitSQLPlus(380) - Quitting SQLPlus
[04-24-2016 11:21:12.834] [main] INFO  com.mijecu25.sqlplus.SQLPlus.main(57) - Initializing SQLPlus version 0.1.0-SNAPSHOT
[04-24-2016 11:21:12.928] [main] INFO  com.mijecu25.sqlplus.SQLPlus.main(106) - Create SQLPlusConnection
[04-24-2016 11:21:12.928] [main] INFO  com.mijecu25.sqlplus.SQLPlus.createSQLPlusConnection(352) - Connection with username, password, and host
[04-24-2016 11:21:12.929] [main] INFO  com.mijecu25.sqlplus.connection.SQLPlusMySQLConnection.getConnection(142) - Creating a new SQLPlusMySQLConnection instance with username:root password:********* host:127.0.0.1
[04-24-2016 11:21:12.929] [main] INFO  com.mijecu25.sqlplus.connection.SQLPlusConnection.<init>(48) - Instantiating the credentials that will be used to connect to a mysql database
[04-24-2016 11:21:12.929] [main] INFO  com.mijecu25.sqlplus.connection.SQLPlusMySQLConnection.<init>(44) - Creating SQLPlusMySQLConnection with username:root password:********* host: 127.0.0.1 database:mysql port:3306
[04-24-2016 11:21:12.929] [main] INFO  com.mijecu25.sqlplus.connection.SQLPlusMySQLConnection.<init>(48) - Will connect to a MySQL database using the credentials provided
[04-24-2016 11:21:12.929] [main] INFO  com.mijecu25.sqlplus.connection.SQLPlusConnection.connect(72) - Adding the connection properties to connect to a mysql database
[04-24-2016 11:21:12.946] [main] INFO  com.mijecu25.sqlplus.connection.SQLPlusConnection.connect(84) - Attempting to connect to the database
[04-24-2016 11:21:13.278] [main] INFO  com.mijecu25.sqlplus.connection.SQLPlusMySQLConnection.getConnection(149) - Returning a SQLPlusMySQLConnection instance SQLPlusConnection [username=root, host=127.0.0.1, database=mysql, port=3306]
[04-24-2016 11:21:13.279] [main] INFO  com.mijecu25.sqlplus.SQLPlus.createSQLPlusConnection(356) - Created and returning a SQLPlusConnection SQLPlusConnection [username=root, host=127.0.0.1, database=mysql, port=3306]
[04-24-2016 11:21:15.511] [main] INFO  com.mijecu25.sqlplus.SQLPlus.main(180) - Will parse the user input to determine what to execute
[04-24-2016 11:21:15.525] [main] INFO  com.mijecu25.sqlplus.compiler.core.statement.Statement.<init>(33) - Created a Statement with a connection and statement
[04-24-2016 11:21:15.525] [main] INFO  com.mijecu25.sqlplus.compiler.core.statement.Statement.<init>(61) - Created a Statement with a statement
[04-24-2016 11:21:15.525] [main] INFO  com.mijecu25.sqlplus.compiler.core.statement.ShowDatabasesStatement.<init>(28) - Parsed and created a ShowDatabasesStatement
[04-24-2016 11:21:15.525] [main] INFO  com.mijecu25.sqlplus.connection.SQLPlusConnection.execute(105) - Query to be executed: "ShowDatabasesStatement [statement=show databases]"
[04-24-2016 11:21:15.525] [main] INFO  com.mijecu25.sqlplus.compiler.core.statement.ShowDatabasesStatement.execute(34) - Will execute the code to show the databases
[04-24-2016 11:21:15.529] [main] INFO  com.mijecu25.sqlplus.compiler.core.statement.ShowDatabasesStatement.printResult(47) - Printing the labels of the columns in the result
[04-24-2016 11:21:18.437] [main] INFO  com.mijecu25.sqlplus.SQLPlus.main(180) - Will parse the user input to determine what to execute
[04-24-2016 11:21:18.438] [main] INFO  com.mijecu25.sqlplus.compiler.core.statement.Statement.<init>(33) - Created a Statement with a connection and statement
[04-24-2016 11:21:18.438] [main] INFO  com.mijecu25.sqlplus.compiler.core.statement.Statement.<init>(61) - Created a Statement with a statement
[04-24-2016 11:21:18.439] [main] INFO  com.mijecu25.sqlplus.compiler.core.statement.StatementUseDatabase.<init>(23) - Parsed and created a StatementUseDatabase
[04-24-2016 11:21:18.439] [main] INFO  com.mijecu25.sqlplus.connection.SQLPlusConnection.execute(105) - Query to be executed: "StatementUseDatabase [statement()=use test]"
[04-24-2016 11:21:18.439] [main] INFO  com.mijecu25.sqlplus.compiler.core.statement.StatementUseDatabase.execute(29) - Will execute the code to use the specified database
[04-24-2016 11:24:46.238] [main] INFO  com.mijecu25.sqlplus.SQLPlus.main(159) - The user wants to quit SQLPlus
[04-24-2016 11:24:46.238] [main] INFO  com.mijecu25.sqlplus.SQLPlus.exitSQLPlus(367) - Attempting to disconnect the SQLPlusConnection
[04-24-2016 11:24:46.238] [main] INFO  com.mijecu25.sqlplus.connection.SQLPlusConnection.disconnect(216) - Attempting to disconnect from the database
[04-24-2016 11:24:46.241] [main] INFO  com.mijecu25.sqlplus.connection.SQLPlusConnection.disconnect(218) - Disconnected from the database
[04-24-2016 11:24:46.241] [main] INFO  com.mijecu25.sqlplus.SQLPlus.exitSQLPlus(369) - Disconnected the SQLPlusConnection
[04-24-2016 11:24:46.241] [main] INFO  com.mijecu25.sqlplus.SQLPlus.exitSQLPlus(373) - Reset the console from jline
[04-24-2016 11:24:46.241] [main] INFO  com.mijecu25.sqlplus.SQLPlus.resetConsole(386) - About to reset the console from jline
[04-24-2016 11:24:46.247] [main] INFO  com.mijecu25.sqlplus.SQLPlus.resetConsole(388) - Reset the console from jline
[04-24-2016 11:24:46.247] [main] INFO  com.mijecu25.sqlplus.SQLPlus.exitSQLPlus(376) - Quitting SQLPlus
[04-24-2016 11:25:12.378] [main] INFO  com.mijecu25.sqlplus.SQLPlus.main(57) - Initializing SQLPlus version 0.1.0-SNAPSHOT
[04-24-2016 11:25:12.473] [main] INFO  com.mijecu25.sqlplus.SQLPlus.main(106) - Create SQLPlusConnection
[04-24-2016 11:25:12.473] [main] INFO  com.mijecu25.sqlplus.SQLPlus.createSQLPlusConnection(352) - Connection with username, password, and host
[04-24-2016 11:25:12.473] [main] INFO  com.mijecu25.sqlplus.connection.SQLPlusMySQLConnection.getConnection(142) - Creating a new SQLPlusMySQLConnection instance with username:root password:********* host:127.0.0.1
[04-24-2016 11:25:12.474] [main] INFO  com.mijecu25.sqlplus.connection.SQLPlusConnection.<init>(48) - Instantiating the credentials that will be used to connect to a mysql database
[04-24-2016 11:25:12.474] [main] INFO  com.mijecu25.sqlplus.connection.SQLPlusMySQLConnection.<init>(44) - Creating SQLPlusMySQLConnection with username:root password:********* host: 127.0.0.1 database:mysql port:3306
[04-24-2016 11:25:12.474] [main] INFO  com.mijecu25.sqlplus.connection.SQLPlusMySQLConnection.<init>(48) - Will connect to a MySQL database using the credentials provided
[04-24-2016 11:25:12.474] [main] INFO  com.mijecu25.sqlplus.connection.SQLPlusConnection.connect(72) - Adding the connection properties to connect to a mysql database
[04-24-2016 11:25:12.490] [main] INFO  com.mijecu25.sqlplus.connection.SQLPlusConnection.connect(84) - Attempting to connect to the database
[04-24-2016 11:25:12.822] [main] INFO  com.mijecu25.sqlplus.connection.SQLPlusMySQLConnection.getConnection(149) - Returning a SQLPlusMySQLConnection instance SQLPlusConnection [username=root, host=127.0.0.1, database=mysql, port=3306]
[04-24-2016 11:25:12.822] [main] INFO  com.mijecu25.sqlplus.SQLPlus.createSQLPlusConnection(356) - Created and returning a SQLPlusConnection SQLPlusConnection [username=root, host=127.0.0.1, database=mysql, port=3306]
[04-24-2016 11:25:16.110] [main] INFO  com.mijecu25.sqlplus.SQLPlus.main(180) - Will parse the user input to determine what to execute
[04-24-2016 11:25:16.124] [main] INFO  com.mijecu25.sqlplus.compiler.core.statement.Statement.<init>(33) - Created a Statement with a connection and statement
[04-24-2016 11:25:16.124] [main] INFO  com.mijecu25.sqlplus.compiler.core.statement.Statement.<init>(61) - Created a Statement with a statement
[04-24-2016 11:25:16.124] [main] INFO  com.mijecu25.sqlplus.compiler.core.statement.ShowDatabasesStatement.<init>(28) - Parsed and created a ShowDatabasesStatement
[04-24-2016 11:25:16.124] [main] INFO  com.mijecu25.sqlplus.connection.SQLPlusConnection.execute(105) - Query to be executed: "ShowDatabasesStatement [statement=show databases]"
[04-24-2016 11:25:16.124] [main] INFO  com.mijecu25.sqlplus.compiler.core.statement.ShowDatabasesStatement.execute(34) - Will execute the code to show the databases
[04-24-2016 11:25:16.128] [main] INFO  com.mijecu25.sqlplus.compiler.core.statement.ShowDatabasesStatement.printResult(47) - Printing the labels of the columns in the result
[04-24-2016 11:25:18.645] [main] INFO  com.mijecu25.sqlplus.SQLPlus.main(180) - Will parse the user input to determine what to execute
[04-24-2016 11:25:18.645] [main] INFO  com.mijecu25.sqlplus.compiler.core.statement.Statement.<init>(33) - Created a Statement with a connection and statement
[04-24-2016 11:25:18.646] [main] INFO  com.mijecu25.sqlplus.compiler.core.statement.Statement.<init>(61) - Created a Statement with a statement
[04-24-2016 11:25:18.646] [main] INFO  com.mijecu25.sqlplus.compiler.core.statement.StatementUseDatabase.<init>(23) - Parsed and created a StatementUseDatabase
[04-24-2016 11:25:18.646] [main] INFO  com.mijecu25.sqlplus.connection.SQLPlusConnection.execute(105) - Query to be executed: "StatementUseDatabase [statement()=use test]"
[04-24-2016 11:25:18.646] [main] INFO  com.mijecu25.sqlplus.compiler.core.statement.StatementUseDatabase.execute(29) - Will execute the code to use the specified database
[04-24-2016 11:28:41.381] [main] INFO  com.mijecu25.sqlplus.SQLPlus.main(159) - The user wants to quit SQLPlus
[04-24-2016 11:28:41.381] [main] INFO  com.mijecu25.sqlplus.SQLPlus.exitSQLPlus(367) - Attempting to disconnect the SQLPlusConnection
[04-24-2016 11:28:41.381] [main] INFO  com.mijecu25.sqlplus.connection.SQLPlusConnection.disconnect(216) - Attempting to disconnect from the database
[04-24-2016 11:28:41.384] [main] INFO  com.mijecu25.sqlplus.connection.SQLPlusConnection.disconnect(218) - Disconnected from the database
[04-24-2016 11:28:41.384] [main] INFO  com.mijecu25.sqlplus.SQLPlus.exitSQLPlus(369) - Disconnected the SQLPlusConnection
[04-24-2016 11:28:41.384] [main] INFO  com.mijecu25.sqlplus.SQLPlus.exitSQLPlus(373) - Reset the console from jline
[04-24-2016 11:28:41.384] [main] INFO  com.mijecu25.sqlplus.SQLPlus.resetConsole(386) - About to reset the console from jline
[04-24-2016 11:28:41.391] [main] INFO  com.mijecu25.sqlplus.SQLPlus.resetConsole(388) - Reset the console from jline
[04-24-2016 11:28:41.391] [main] INFO  com.mijecu25.sqlplus.SQLPlus.exitSQLPlus(376) - Quitting SQLPlus
[04-24-2016 11:28:47.729] [main] INFO  com.mijecu25.sqlplus.SQLPlus.main(57) - Initializing SQLPlus version 0.1.0-SNAPSHOT
[04-24-2016 11:28:47.825] [main] INFO  com.mijecu25.sqlplus.SQLPlus.main(106) - Create SQLPlusConnection
[04-24-2016 11:28:47.825] [main] INFO  com.mijecu25.sqlplus.SQLPlus.createSQLPlusConnection(352) - Connection with username, password, and host
[04-24-2016 11:28:47.825] [main] INFO  com.mijecu25.sqlplus.connection.SQLPlusMySQLConnection.getConnection(142) - Creating a new SQLPlusMySQLConnection instance with username:root password:********* host:127.0.0.1
[04-24-2016 11:28:47.825] [main] INFO  com.mijecu25.sqlplus.connection.SQLPlusConnection.<init>(48) - Instantiating the credentials that will be used to connect to a mysql database
[04-24-2016 11:28:47.826] [main] INFO  com.mijecu25.sqlplus.connection.SQLPlusMySQLConnection.<init>(44) - Creating SQLPlusMySQLConnection with username:root password:********* host: 127.0.0.1 database:mysql port:3306
[04-24-2016 11:28:47.826] [main] INFO  com.mijecu25.sqlplus.connection.SQLPlusMySQLConnection.<init>(48) - Will connect to a MySQL database using the credentials provided
[04-24-2016 11:28:47.826] [main] INFO  com.mijecu25.sqlplus.connection.SQLPlusConnection.connect(72) - Adding the connection properties to connect to a mysql database
[04-24-2016 11:28:47.843] [main] INFO  com.mijecu25.sqlplus.connection.SQLPlusConnection.connect(84) - Attempting to connect to the database
[04-24-2016 11:28:48.177] [main] INFO  com.mijecu25.sqlplus.connection.SQLPlusMySQLConnection.getConnection(149) - Returning a SQLPlusMySQLConnection instance SQLPlusConnection [username=root, host=127.0.0.1, database=mysql, port=3306]
[04-24-2016 11:28:48.177] [main] INFO  com.mijecu25.sqlplus.SQLPlus.createSQLPlusConnection(356) - Created and returning a SQLPlusConnection SQLPlusConnection [username=root, host=127.0.0.1, database=mysql, port=3306]
[04-24-2016 11:28:49.718] [main] INFO  com.mijecu25.sqlplus.SQLPlus.main(180) - Will parse the user input to determine what to execute
[04-24-2016 11:28:49.732] [main] INFO  com.mijecu25.sqlplus.compiler.core.statement.Statement.<init>(33) - Created a Statement with a connection and statement
[04-24-2016 11:28:49.732] [main] INFO  com.mijecu25.sqlplus.compiler.core.statement.Statement.<init>(61) - Created a Statement with a statement
[04-24-2016 11:28:49.733] [main] INFO  com.mijecu25.sqlplus.compiler.core.statement.StatementUseDatabase.<init>(24) - Parsed and created a StatementUseDatabase
[04-24-2016 11:28:49.733] [main] INFO  com.mijecu25.sqlplus.connection.SQLPlusConnection.execute(105) - Query to be executed: "StatementUseDatabase [statement=use test]"
[04-24-2016 11:28:49.733] [main] INFO  com.mijecu25.sqlplus.compiler.core.statement.StatementUseDatabase.execute(30) - Will execute the code to use the specified database
[04-24-2016 11:29:45.467] [main] INFO  com.mijecu25.sqlplus.SQLPlus.main(159) - The user wants to quit SQLPlus
[04-24-2016 11:29:45.469] [main] INFO  com.mijecu25.sqlplus.SQLPlus.exitSQLPlus(367) - Attempting to disconnect the SQLPlusConnection
[04-24-2016 11:29:45.469] [main] INFO  com.mijecu25.sqlplus.connection.SQLPlusConnection.disconnect(216) - Attempting to disconnect from the database
[04-24-2016 11:29:45.471] [main] INFO  com.mijecu25.sqlplus.connection.SQLPlusConnection.disconnect(218) - Disconnected from the database
[04-24-2016 11:29:45.471] [main] INFO  com.mijecu25.sqlplus.SQLPlus.exitSQLPlus(369) - Disconnected the SQLPlusConnection
[04-24-2016 11:29:45.471] [main] INFO  com.mijecu25.sqlplus.SQLPlus.exitSQLPlus(373) - Reset the console from jline
[04-24-2016 11:29:45.471] [main] INFO  com.mijecu25.sqlplus.SQLPlus.resetConsole(386) - About to reset the console from jline
[04-24-2016 11:29:45.477] [main] INFO  com.mijecu25.sqlplus.SQLPlus.resetConsole(388) - Reset the console from jline
[04-24-2016 11:29:45.477] [main] INFO  com.mijecu25.sqlplus.SQLPlus.exitSQLPlus(376) - Quitting SQLPlus
[04-24-2016 11:29:51.476] [main] INFO  com.mijecu25.sqlplus.SQLPlus.main(57) - Initializing SQLPlus version 0.1.0-SNAPSHOT
[04-24-2016 11:29:51.573] [main] INFO  com.mijecu25.sqlplus.SQLPlus.main(106) - Create SQLPlusConnection
[04-24-2016 11:29:51.573] [main] INFO  com.mijecu25.sqlplus.SQLPlus.createSQLPlusConnection(352) - Connection with username, password, and host
[04-24-2016 11:29:51.574] [main] INFO  com.mijecu25.sqlplus.connection.SQLPlusMySQLConnection.getConnection(142) - Creating a new SQLPlusMySQLConnection instance with username:root password:********* host:127.0.0.1
[04-24-2016 11:29:51.574] [main] INFO  com.mijecu25.sqlplus.connection.SQLPlusConnection.<init>(48) - Instantiating the credentials that will be used to connect to a mysql database
[04-24-2016 11:29:51.574] [main] INFO  com.mijecu25.sqlplus.connection.SQLPlusMySQLConnection.<init>(44) - Creating SQLPlusMySQLConnection with username:root password:********* host: 127.0.0.1 database:mysql port:3306
[04-24-2016 11:29:51.574] [main] INFO  com.mijecu25.sqlplus.connection.SQLPlusMySQLConnection.<init>(48) - Will connect to a MySQL database using the credentials provided
[04-24-2016 11:29:51.574] [main] INFO  com.mijecu25.sqlplus.connection.SQLPlusConnection.connect(72) - Adding the connection properties to connect to a mysql database
[04-24-2016 11:29:51.591] [main] INFO  com.mijecu25.sqlplus.connection.SQLPlusConnection.connect(84) - Attempting to connect to the database
[04-24-2016 11:29:51.922] [main] INFO  com.mijecu25.sqlplus.connection.SQLPlusMySQLConnection.getConnection(149) - Returning a SQLPlusMySQLConnection instance SQLPlusConnection [username=root, host=127.0.0.1, database=mysql, port=3306]
[04-24-2016 11:29:51.922] [main] INFO  com.mijecu25.sqlplus.SQLPlus.createSQLPlusConnection(356) - Created and returning a SQLPlusConnection SQLPlusConnection [username=root, host=127.0.0.1, database=mysql, port=3306]
[04-24-2016 11:29:53.524] [main] INFO  com.mijecu25.sqlplus.SQLPlus.main(180) - Will parse the user input to determine what to execute
[04-24-2016 11:29:53.538] [main] INFO  com.mijecu25.sqlplus.compiler.core.statement.Statement.<init>(33) - Created a Statement with a connection and statement
[04-24-2016 11:29:53.538] [main] INFO  com.mijecu25.sqlplus.compiler.core.statement.Statement.<init>(61) - Created a Statement with a statement
[04-24-2016 11:29:53.538] [main] INFO  com.mijecu25.sqlplus.compiler.core.statement.StatementUseDatabase.<init>(24) - Parsed and created a StatementUseDatabase
[04-24-2016 11:29:53.538] [main] INFO  com.mijecu25.sqlplus.connection.SQLPlusConnection.execute(105) - Query to be executed: "StatementUseDatabase [statement=use test]"
[04-24-2016 11:29:53.538] [main] INFO  com.mijecu25.sqlplus.compiler.core.statement.StatementUseDatabase.execute(30) - Will execute the code to use the specified database
[04-24-2016 11:30:04.706] [main] INFO  com.mijecu25.sqlplus.SQLPlus.main(159) - The user wants to quit SQLPlus
[04-24-2016 11:30:04.706] [main] INFO  com.mijecu25.sqlplus.SQLPlus.exitSQLPlus(367) - Attempting to disconnect the SQLPlusConnection
[04-24-2016 11:30:04.707] [main] INFO  com.mijecu25.sqlplus.connection.SQLPlusConnection.disconnect(216) - Attempting to disconnect from the database
[04-24-2016 11:30:04.709] [main] INFO  com.mijecu25.sqlplus.connection.SQLPlusConnection.disconnect(218) - Disconnected from the database
[04-24-2016 11:30:04.709] [main] INFO  com.mijecu25.sqlplus.SQLPlus.exitSQLPlus(369) - Disconnected the SQLPlusConnection
[04-24-2016 11:30:04.709] [main] INFO  com.mijecu25.sqlplus.SQLPlus.exitSQLPlus(373) - Reset the console from jline
[04-24-2016 11:30:04.709] [main] INFO  com.mijecu25.sqlplus.SQLPlus.resetConsole(386) - About to reset the console from jline
[04-24-2016 11:30:04.716] [main] INFO  com.mijecu25.sqlplus.SQLPlus.resetConsole(388) - Reset the console from jline
[04-24-2016 11:30:04.716] [main] INFO  com.mijecu25.sqlplus.SQLPlus.exitSQLPlus(376) - Quitting SQLPlus
[04-24-2016 11:31:04.828] [main] INFO  com.mijecu25.sqlplus.SQLPlus.main(57) - Initializing SQLPlus version 0.1.0-SNAPSHOT
[04-24-2016 11:31:04.927] [main] INFO  com.mijecu25.sqlplus.SQLPlus.main(106) - Create SQLPlusConnection
[04-24-2016 11:31:04.927] [main] INFO  com.mijecu25.sqlplus.SQLPlus.createSQLPlusConnection(352) - Connection with username, password, and host
[04-24-2016 11:31:04.927] [main] INFO  com.mijecu25.sqlplus.connection.SQLPlusMySQLConnection.getConnection(142) - Creating a new SQLPlusMySQLConnection instance with username:root password:********* host:127.0.0.1
[04-24-2016 11:31:04.927] [main] INFO  com.mijecu25.sqlplus.connection.SQLPlusConnection.<init>(48) - Instantiating the credentials that will be used to connect to a mysql database
[04-24-2016 11:31:04.928] [main] INFO  com.mijecu25.sqlplus.connection.SQLPlusMySQLConnection.<init>(44) - Creating SQLPlusMySQLConnection with username:root password:********* host: 127.0.0.1 database:mysql port:3306
[04-24-2016 11:31:04.928] [main] INFO  com.mijecu25.sqlplus.connection.SQLPlusMySQLConnection.<init>(48) - Will connect to a MySQL database using the credentials provided
[04-24-2016 11:31:04.928] [main] INFO  com.mijecu25.sqlplus.connection.SQLPlusConnection.connect(72) - Adding the connection properties to connect to a mysql database
[04-24-2016 11:31:04.945] [main] INFO  com.mijecu25.sqlplus.connection.SQLPlusConnection.connect(84) - Attempting to connect to the database
[04-24-2016 11:31:05.284] [main] INFO  com.mijecu25.sqlplus.connection.SQLPlusMySQLConnection.getConnection(149) - Returning a SQLPlusMySQLConnection instance SQLPlusConnection [username=root, host=127.0.0.1, database=mysql, port=3306]
[04-24-2016 11:31:05.284] [main] INFO  com.mijecu25.sqlplus.SQLPlus.createSQLPlusConnection(356) - Created and returning a SQLPlusConnection SQLPlusConnection [username=root, host=127.0.0.1, database=mysql, port=3306]
[04-24-2016 11:31:07.169] [main] INFO  com.mijecu25.sqlplus.SQLPlus.main(180) - Will parse the user input to determine what to execute
[04-24-2016 11:31:07.183] [main] INFO  com.mijecu25.sqlplus.compiler.core.statement.Statement.<init>(33) - Created a Statement with a connection and statement
[04-24-2016 11:31:07.183] [main] INFO  com.mijecu25.sqlplus.compiler.core.statement.Statement.<init>(61) - Created a Statement with a statement
[04-24-2016 11:31:07.183] [main] INFO  com.mijecu25.sqlplus.compiler.core.statement.StatementUseDatabase.<init>(24) - Parsed and created a StatementUseDatabase
[04-24-2016 11:31:07.183] [main] INFO  com.mijecu25.sqlplus.connection.SQLPlusConnection.execute(105) - Query to be executed: "StatementUseDatabase [statement=use ds]"
[04-24-2016 11:31:07.184] [main] INFO  com.mijecu25.sqlplus.compiler.core.statement.StatementUseDatabase.execute(30) - Will execute the code to use the specified database
[04-24-2016 11:31:16.999] [main] INFO  com.mijecu25.sqlplus.SQLPlus.main(180) - Will parse the user input to determine what to execute
[04-24-2016 11:31:17.000] [main] INFO  com.mijecu25.sqlplus.compiler.core.statement.Statement.<init>(33) - Created a Statement with a connection and statement
[04-24-2016 11:31:17.000] [main] INFO  com.mijecu25.sqlplus.compiler.core.statement.Statement.<init>(61) - Created a Statement with a statement
[04-24-2016 11:31:17.000] [main] INFO  com.mijecu25.sqlplus.compiler.core.statement.StatementUseDatabase.<init>(24) - Parsed and created a StatementUseDatabase
[04-24-2016 11:31:17.000] [main] INFO  com.mijecu25.sqlplus.connection.SQLPlusConnection.execute(105) - Query to be executed: "StatementUseDatabase [statement=use test]"
[04-24-2016 11:31:17.000] [main] INFO  com.mijecu25.sqlplus.compiler.core.statement.StatementUseDatabase.execute(30) - Will execute the code to use the specified database
[04-24-2016 11:31:17.839] [main] INFO  com.mijecu25.sqlplus.SQLPlus.main(159) - The user wants to quit SQLPlus
[04-24-2016 11:31:17.840] [main] INFO  com.mijecu25.sqlplus.SQLPlus.exitSQLPlus(367) - Attempting to disconnect the SQLPlusConnection
[04-24-2016 11:31:17.840] [main] INFO  com.mijecu25.sqlplus.connection.SQLPlusConnection.disconnect(216) - Attempting to disconnect from the database
[04-24-2016 11:31:17.842] [main] INFO  com.mijecu25.sqlplus.connection.SQLPlusConnection.disconnect(218) - Disconnected from the database
[04-24-2016 11:31:17.842] [main] INFO  com.mijecu25.sqlplus.SQLPlus.exitSQLPlus(369) - Disconnected the SQLPlusConnection
[04-24-2016 11:31:17.843] [main] INFO  com.mijecu25.sqlplus.SQLPlus.exitSQLPlus(373) - Reset the console from jline
[04-24-2016 11:31:17.843] [main] INFO  com.mijecu25.sqlplus.SQLPlus.resetConsole(386) - About to reset the console from jline
[04-24-2016 11:31:17.849] [main] INFO  com.mijecu25.sqlplus.SQLPlus.resetConsole(388) - Reset the console from jline
[04-24-2016 11:31:17.849] [main] INFO  com.mijecu25.sqlplus.SQLPlus.exitSQLPlus(376) - Quitting SQLPlus
[04-24-2016 11:32:52.162] [main] INFO  com.mijecu25.sqlplus.SQLPlus.main(57) - Initializing SQLPlus version 0.1.0-SNAPSHOT
[04-24-2016 11:32:52.258] [main] INFO  com.mijecu25.sqlplus.SQLPlus.main(106) - Create SQLPlusConnection
[04-24-2016 11:32:52.258] [main] INFO  com.mijecu25.sqlplus.SQLPlus.createSQLPlusConnection(352) - Connection with username, password, and host
[04-24-2016 11:32:52.259] [main] INFO  com.mijecu25.sqlplus.connection.SQLPlusMySQLConnection.getConnection(142) - Creating a new SQLPlusMySQLConnection instance with username:root password:********* host:127.0.0.1
[04-24-2016 11:32:52.259] [main] INFO  com.mijecu25.sqlplus.connection.SQLPlusConnection.<init>(48) - Instantiating the credentials that will be used to connect to a mysql database
[04-24-2016 11:32:52.259] [main] INFO  com.mijecu25.sqlplus.connection.SQLPlusMySQLConnection.<init>(44) - Creating SQLPlusMySQLConnection with username:root password:********* host: 127.0.0.1 database:mysql port:3306
[04-24-2016 11:32:52.259] [main] INFO  com.mijecu25.sqlplus.connection.SQLPlusMySQLConnection.<init>(48) - Will connect to a MySQL database using the credentials provided
[04-24-2016 11:32:52.259] [main] INFO  com.mijecu25.sqlplus.connection.SQLPlusConnection.connect(72) - Adding the connection properties to connect to a mysql database
[04-24-2016 11:32:52.276] [main] INFO  com.mijecu25.sqlplus.connection.SQLPlusConnection.connect(84) - Attempting to connect to the database
[04-24-2016 11:32:52.608] [main] INFO  com.mijecu25.sqlplus.connection.SQLPlusMySQLConnection.getConnection(149) - Returning a SQLPlusMySQLConnection instance SQLPlusConnection [username=root, host=127.0.0.1, database=mysql, port=3306]
[04-24-2016 11:32:52.608] [main] INFO  com.mijecu25.sqlplus.SQLPlus.createSQLPlusConnection(356) - Created and returning a SQLPlusConnection SQLPlusConnection [username=root, host=127.0.0.1, database=mysql, port=3306]
[04-24-2016 11:32:54.237] [main] INFO  com.mijecu25.sqlplus.SQLPlus.main(180) - Will parse the user input to determine what to execute
[04-24-2016 11:32:54.250] [main] INFO  com.mijecu25.sqlplus.compiler.core.statement.Statement.<init>(33) - Created a Statement with a connection and statement
[04-24-2016 11:32:54.251] [main] INFO  com.mijecu25.sqlplus.compiler.core.statement.Statement.<init>(61) - Created a Statement with a statement
[04-24-2016 11:32:54.251] [main] INFO  com.mijecu25.sqlplus.compiler.core.statement.StatementUseDatabase.<init>(23) - Parsed and created a StatementUseDatabase
[04-24-2016 11:32:54.251] [main] INFO  com.mijecu25.sqlplus.connection.SQLPlusConnection.execute(105) - Query to be executed: "StatementUseDatabase [statement=use test]"
[04-24-2016 11:32:54.251] [main] INFO  com.mijecu25.sqlplus.compiler.core.statement.StatementUseDatabase.execute(29) - Will execute the code to use the specified database
[04-24-2016 11:32:54.254] [main] INFO  com.mijecu25.sqlplus.compiler.core.statement.StatementUseDatabase.printResult(40) - Printing message that acknowledges that the database was changed
[04-24-2016 11:32:59.988] [main] INFO  com.mijecu25.sqlplus.SQLPlus.main(180) - Will parse the user input to determine what to execute
[04-24-2016 11:32:59.988] [main] INFO  com.mijecu25.sqlplus.compiler.core.statement.Statement.<init>(33) - Created a Statement with a connection and statement
[04-24-2016 11:32:59.988] [main] INFO  com.mijecu25.sqlplus.compiler.core.statement.Statement.<init>(61) - Created a Statement with a statement
[04-24-2016 11:32:59.989] [main] INFO  com.mijecu25.sqlplus.compiler.core.statement.StatementUseDatabase.<init>(23) - Parsed and created a StatementUseDatabase
[04-24-2016 11:32:59.989] [main] INFO  com.mijecu25.sqlplus.connection.SQLPlusConnection.execute(105) - Query to be executed: "StatementUseDatabase [statement=use yugioh]"
[04-24-2016 11:32:59.989] [main] INFO  com.mijecu25.sqlplus.compiler.core.statement.StatementUseDatabase.execute(29) - Will execute the code to use the specified database
[04-24-2016 11:33:04.916] [main] INFO  com.mijecu25.sqlplus.SQLPlus.main(180) - Will parse the user input to determine what to execute
[04-24-2016 11:33:04.916] [main] INFO  com.mijecu25.sqlplus.compiler.core.statement.Statement.<init>(33) - Created a Statement with a connection and statement
[04-24-2016 11:33:04.916] [main] INFO  com.mijecu25.sqlplus.compiler.core.statement.Statement.<init>(61) - Created a Statement with a statement
[04-24-2016 11:33:04.917] [main] INFO  com.mijecu25.sqlplus.compiler.core.statement.ShowDatabasesStatement.<init>(28) - Parsed and created a ShowDatabasesStatement
[04-24-2016 11:33:04.917] [main] INFO  com.mijecu25.sqlplus.connection.SQLPlusConnection.execute(105) - Query to be executed: "ShowDatabasesStatement [statement=show databases]"
[04-24-2016 11:33:04.917] [main] INFO  com.mijecu25.sqlplus.compiler.core.statement.ShowDatabasesStatement.execute(34) - Will execute the code to show the databases
[04-24-2016 11:33:04.918] [main] INFO  com.mijecu25.sqlplus.compiler.core.statement.ShowDatabasesStatement.printResult(47) - Printing the labels of the columns in the result
[04-24-2016 11:33:14.547] [main] INFO  com.mijecu25.sqlplus.SQLPlus.main(180) - Will parse the user input to determine what to execute
[04-24-2016 11:33:14.548] [main] INFO  com.mijecu25.sqlplus.compiler.core.statement.Statement.<init>(33) - Created a Statement with a connection and statement
[04-24-2016 11:33:14.548] [main] INFO  com.mijecu25.sqlplus.compiler.core.statement.Statement.<init>(61) - Created a Statement with a statement
[04-24-2016 11:33:14.548] [main] INFO  com.mijecu25.sqlplus.compiler.core.statement.StatementUseDatabase.<init>(23) - Parsed and created a StatementUseDatabase
[04-24-2016 11:33:14.549] [main] INFO  com.mijecu25.sqlplus.connection.SQLPlusConnection.execute(105) - Query to be executed: "StatementUseDatabase [statement=use yugioh_db]"
[04-24-2016 11:33:14.549] [main] INFO  com.mijecu25.sqlplus.compiler.core.statement.StatementUseDatabase.execute(29) - Will execute the code to use the specified database
[04-24-2016 11:33:14.550] [main] INFO  com.mijecu25.sqlplus.compiler.core.statement.StatementUseDatabase.printResult(40) - Printing message that acknowledges that the database was changed
[04-24-2016 11:33:17.827] [main] INFO  com.mijecu25.sqlplus.SQLPlus.main(159) - The user wants to quit SQLPlus
[04-24-2016 11:33:17.827] [main] INFO  com.mijecu25.sqlplus.SQLPlus.exitSQLPlus(367) - Attempting to disconnect the SQLPlusConnection
[04-24-2016 11:33:17.828] [main] INFO  com.mijecu25.sqlplus.connection.SQLPlusConnection.disconnect(216) - Attempting to disconnect from the database
[04-24-2016 11:33:17.830] [main] INFO  com.mijecu25.sqlplus.connection.SQLPlusConnection.disconnect(218) - Disconnected from the database
[04-24-2016 11:33:17.831] [main] INFO  com.mijecu25.sqlplus.SQLPlus.exitSQLPlus(369) - Disconnected the SQLPlusConnection
[04-24-2016 11:33:17.831] [main] INFO  com.mijecu25.sqlplus.SQLPlus.exitSQLPlus(373) - Reset the console from jline
[04-24-2016 11:33:17.831] [main] INFO  com.mijecu25.sqlplus.SQLPlus.resetConsole(386) - About to reset the console from jline
[04-24-2016 11:33:17.837] [main] INFO  com.mijecu25.sqlplus.SQLPlus.resetConsole(388) - Reset the console from jline
[04-24-2016 11:33:17.838] [main] INFO  com.mijecu25.sqlplus.SQLPlus.exitSQLPlus(376) - Quitting SQLPlus
[04-24-2016 11:38:32.639] [main] INFO  com.mijecu25.sqlplus.SQLPlus.main(57) - Initializing SQLPlus version 0.1.0-SNAPSHOT
[04-24-2016 11:38:32.740] [main] INFO  com.mijecu25.sqlplus.SQLPlus.main(106) - Create SQLPlusConnection
[04-24-2016 11:38:32.740] [main] INFO  com.mijecu25.sqlplus.SQLPlus.createSQLPlusConnection(352) - Connection with username, password, and host
[04-24-2016 11:38:32.741] [main] INFO  com.mijecu25.sqlplus.connection.SQLPlusMySQLConnection.getConnection(142) - Creating a new SQLPlusMySQLConnection instance with username:root password:********* host:127.0.0.1
[04-24-2016 11:38:32.741] [main] INFO  com.mijecu25.sqlplus.connection.SQLPlusConnection.<init>(48) - Instantiating the credentials that will be used to connect to a mysql database
[04-24-2016 11:38:32.741] [main] INFO  com.mijecu25.sqlplus.connection.SQLPlusMySQLConnection.<init>(44) - Creating SQLPlusMySQLConnection with username:root password:********* host: 127.0.0.1 database:mysql port:3306
[04-24-2016 11:38:32.741] [main] INFO  com.mijecu25.sqlplus.connection.SQLPlusMySQLConnection.<init>(48) - Will connect to a MySQL database using the credentials provided
[04-24-2016 11:38:32.741] [main] INFO  com.mijecu25.sqlplus.connection.SQLPlusConnection.connect(72) - Adding the connection properties to connect to a mysql database
[04-24-2016 11:38:32.758] [main] INFO  com.mijecu25.sqlplus.connection.SQLPlusConnection.connect(84) - Attempting to connect to the database
[04-24-2016 11:38:33.093] [main] INFO  com.mijecu25.sqlplus.connection.SQLPlusMySQLConnection.getConnection(149) - Returning a SQLPlusMySQLConnection instance SQLPlusConnection [username=root, host=127.0.0.1, database=mysql, port=3306]
[04-24-2016 11:38:33.094] [main] INFO  com.mijecu25.sqlplus.SQLPlus.createSQLPlusConnection(356) - Created and returning a SQLPlusConnection SQLPlusConnection [username=root, host=127.0.0.1, database=mysql, port=3306]
[04-24-2016 11:38:38.295] [main] INFO  com.mijecu25.sqlplus.SQLPlus.main(180) - Will parse the user input to determine what to execute
[04-24-2016 11:38:38.311] [main] INFO  com.mijecu25.sqlplus.compiler.core.statement.Statement.<init>(33) - Created a Statement with a connection and statement
[04-24-2016 11:38:38.311] [main] INFO  com.mijecu25.sqlplus.compiler.core.statement.Statement.<init>(61) - Created a Statement with a statement
[04-24-2016 11:38:38.311] [main] INFO  com.mijecu25.sqlplus.compiler.core.statement.StatementShowDatabases.<init>(28) - Parsed and created a ShowDatabasesStatement
[04-24-2016 11:38:38.311] [main] INFO  com.mijecu25.sqlplus.connection.SQLPlusConnection.execute(105) - Query to be executed: "ShowDatabasesStatement [statement=show databases]"
[04-24-2016 11:38:38.311] [main] INFO  com.mijecu25.sqlplus.compiler.core.statement.StatementShowDatabases.execute(34) - Will execute the code to show the databases
[04-24-2016 11:38:38.314] [main] INFO  com.mijecu25.sqlplus.compiler.core.statement.StatementShowDatabases.printResult(47) - Printing the labels of the columns in the result
[04-24-2016 11:38:40.879] [main] INFO  com.mijecu25.sqlplus.SQLPlus.main(180) - Will parse the user input to determine what to execute
[04-24-2016 11:38:40.880] [main] INFO  com.mijecu25.sqlplus.compiler.core.statement.Statement.<init>(33) - Created a Statement with a connection and statement
[04-24-2016 11:38:40.880] [main] INFO  com.mijecu25.sqlplus.compiler.core.statement.Statement.<init>(61) - Created a Statement with a statement
[04-24-2016 11:38:40.880] [main] INFO  com.mijecu25.sqlplus.compiler.core.statement.StatementUseDatabase.<init>(23) - Parsed and created a StatementUseDatabase
[04-24-2016 11:38:40.881] [main] INFO  com.mijecu25.sqlplus.connection.SQLPlusConnection.execute(105) - Query to be executed: "StatementUseDatabase [statement=use sys]"
[04-24-2016 11:38:40.881] [main] INFO  com.mijecu25.sqlplus.compiler.core.statement.StatementUseDatabase.execute(29) - Will execute the code to use the specified database
[04-24-2016 11:38:40.882] [main] INFO  com.mijecu25.sqlplus.compiler.core.statement.StatementUseDatabase.printResult(40) - Printing message that acknowledges that the database was changed
[04-24-2016 11:38:43.014] [main] INFO  com.mijecu25.sqlplus.SQLPlus.main(159) - The user wants to quit SQLPlus
[04-24-2016 11:38:43.015] [main] INFO  com.mijecu25.sqlplus.SQLPlus.exitSQLPlus(367) - Attempting to disconnect the SQLPlusConnection
[04-24-2016 11:38:43.015] [main] INFO  com.mijecu25.sqlplus.connection.SQLPlusConnection.disconnect(216) - Attempting to disconnect from the database
[04-24-2016 11:38:43.017] [main] INFO  com.mijecu25.sqlplus.connection.SQLPlusConnection.disconnect(218) - Disconnected from the database
[04-24-2016 11:38:43.017] [main] INFO  com.mijecu25.sqlplus.SQLPlus.exitSQLPlus(369) - Disconnected the SQLPlusConnection
[04-24-2016 11:38:43.017] [main] INFO  com.mijecu25.sqlplus.SQLPlus.exitSQLPlus(373) - Reset the console from jline
[04-24-2016 11:38:43.017] [main] INFO  com.mijecu25.sqlplus.SQLPlus.resetConsole(386) - About to reset the console from jline
[04-24-2016 11:38:43.023] [main] INFO  com.mijecu25.sqlplus.SQLPlus.resetConsole(388) - Reset the console from jline
[04-24-2016 11:38:43.023] [main] INFO  com.mijecu25.sqlplus.SQLPlus.exitSQLPlus(376) - Quitting SQLPlus
