[03-07-2016 19:24:27.224] [main] INFO  com.mijecu25.sqlplus.SQLPlus:main:34 - Initializing SQLPlus
[03-07-2016 19:24:27.229] [main] FATAL com.mijecu25.sqlplus.SQLPlus:main:39 - A JVM Console object was not found
[03-07-2016 19:24:27.229] [main] INFO  com.mijecu25.sqlplus.SQLPlus:exitSQLPlus:227 - Quitting SQLPlus
[03-07-2016 19:25:27.793] [main] INFO  com.mijecu25.sqlplus.SQLPlus:main:34 - Initializing SQLPlus
[03-07-2016 19:25:27.794] [main] FATAL com.mijecu25.sqlplus.SQLPlus:main:39 - A JVM Console object was not found
[03-07-2016 19:25:27.795] [main] INFO  com.mijecu25.sqlplus.SQLPlus:exitSQLPlus:227 - Quitting SQLPlus
[03-07-2016 19:25:47.650] [main] INFO  com.mijecu25.sqlplus.SQLPlusConnection:getConnection:90 - Creating a new SQLPlusConnection instance with username:test password:********* database:db port:12345
[03-07-2016 19:25:47.651] [main] INFO  com.mijecu25.sqlplus.SQLPlusConnection:<init>:49 - Creating SQLPlusConnection with username:test password:********* database:db port:12345
[03-07-2016 19:25:47.651] [main] INFO  com.mijecu25.sqlplus.SQLPlusConnection:getConnection:97 - Returning SQLPlusConnection instance SQLPlusConnection [username=test, password=abc, database=db, port=12345]
[03-07-2016 19:25:47.651] [main] INFO  com.mijecu25.sqlplus.SQLPlusConnection:getConnection:135 - Creating a new SQLPlusConnection instance with username:test password:*********
[03-07-2016 19:25:47.651] [main] INFO  com.mijecu25.sqlplus.SQLPlusConnection:<init>:49 - Creating SQLPlusConnection with username:test password:********* database:mysql port:3306
[03-07-2016 19:25:47.651] [main] INFO  com.mijecu25.sqlplus.SQLPlusConnection:getConnection:142 - Returning SQLPlusConnection instanceSQLPlusConnection [username=test, password=abc, database=mysql, port=3306]
[03-07-2016 19:25:47.652] [main] WARN  com.mijecu25.sqlplus.SQLPlusConnection:getConnection:154 - There is not an SQLPlusConnection
[03-07-2016 19:25:47.652] [main] INFO  com.mijecu25.sqlplus.SQLPlusConnection:getConnection:161 - Returning SQLPlusConnection instancenull
[03-07-2016 19:25:47.653] [main] INFO  com.mijecu25.sqlplus.SQLPlusConnection:getConnection:113 - Creating a new SQLPlusConnection instance with username:test password:********* port:12345
[03-07-2016 19:25:47.653] [main] INFO  com.mijecu25.sqlplus.SQLPlusConnection:<init>:49 - Creating SQLPlusConnection with username:test password:********* database:mysql port:12345
[03-07-2016 19:25:47.653] [main] INFO  com.mijecu25.sqlplus.SQLPlusConnection:getConnection:120 - Returning SQLPlusConnection instanceSQLPlusConnection [username=test, password=abc, database=mysql, port=12345]
[03-07-2016 19:27:58.642] [main] INFO  com.mijecu25.sqlplus.SQLPlusConnection:getConnection:90 - Creating a new SQLPlusConnection instance with username:test password:********* database:db port:12345
[03-07-2016 19:27:58.642] [main] INFO  com.mijecu25.sqlplus.SQLPlusConnection:<init>:49 - Creating SQLPlusConnection with username:test password:********* database:db port:12345
[03-07-2016 19:27:58.643] [main] INFO  com.mijecu25.sqlplus.SQLPlusConnection:getConnection:97 - Returning SQLPlusConnection instance SQLPlusConnection [username=test, password=abc, database=db, port=12345]
[03-07-2016 19:27:58.643] [main] INFO  com.mijecu25.sqlplus.SQLPlusConnection:getConnection:135 - Creating a new SQLPlusConnection instance with username:test password:*********
[03-07-2016 19:27:58.643] [main] INFO  com.mijecu25.sqlplus.SQLPlusConnection:<init>:49 - Creating SQLPlusConnection with username:test password:********* database:mysql port:3306
[03-07-2016 19:27:58.643] [main] INFO  com.mijecu25.sqlplus.SQLPlusConnection:getConnection:142 - Returning SQLPlusConnection instanceSQLPlusConnection [username=test, password=abc, database=mysql, port=3306]
[03-07-2016 19:27:58.644] [main] WARN  com.mijecu25.sqlplus.SQLPlusConnection:getConnection:154 - There is not an SQLPlusConnection
[03-07-2016 19:27:58.644] [main] INFO  com.mijecu25.sqlplus.SQLPlusConnection:getConnection:161 - Returning SQLPlusConnection instancenull
[03-07-2016 19:27:58.644] [main] INFO  com.mijecu25.sqlplus.SQLPlusConnection:getConnection:113 - Creating a new SQLPlusConnection instance with username:test password:********* port:12345
[03-07-2016 19:27:58.645] [main] INFO  com.mijecu25.sqlplus.SQLPlusConnection:<init>:49 - Creating SQLPlusConnection with username:test password:********* database:mysql port:12345
[03-07-2016 19:27:58.645] [main] INFO  com.mijecu25.sqlplus.SQLPlusConnection:getConnection:120 - Returning SQLPlusConnection instanceSQLPlusConnection [username=test, password=abc, database=mysql, port=12345]
[03-07-2016 19:29:05.266] [main] INFO  com.mijecu25.sqlplus.SQLPlus:main:34 - Initializing SQLPlus
[03-07-2016 19:29:05.271] [main] INFO  com.mijecu25.sqlplus.SQLPlus:main:74 - Create SQLPlusConnection
[03-07-2016 19:29:05.272] [main] INFO  com.mijecu25.sqlplus.SQLPlus:createSQLPlusConnection:122 - Will create a SQLPlusConnection
[03-07-2016 19:29:25.322] [main] INFO  com.mijecu25.sqlplus.SQLPlus:createSQLPlusConnection:129 - User entered database:postgrest
[03-07-2016 19:29:31.295] [main] INFO  com.mijecu25.sqlplus.SQLPlus:createSQLPlusConnection:154 - User entered port:5432
[03-07-2016 19:29:33.879] [main] INFO  com.mijecu25.sqlplus.SQLPlus:createSQLPlusConnection:169 - User entered username:dev
[03-07-2016 19:29:37.935] [main] INFO  com.mijecu25.sqlplus.SQLPlus:createSQLPlusConnection:197 - User entered a some password
[03-07-2016 19:29:37.935] [main] INFO  com.mijecu25.sqlplus.SQLPlus:createSQLPlusConnection:210 - Connection with all credentials
[03-07-2016 19:29:37.935] [main] INFO  com.mijecu25.sqlplus.SQLPlusConnection:getConnection:90 - Creating a new SQLPlusConnection instance with username:dev password:********* database:postgrest port:5432
[03-07-2016 19:29:37.936] [main] INFO  com.mijecu25.sqlplus.SQLPlusConnection:<init>:49 - Creating SQLPlusConnection with username:dev password:********* database:postgrest port:5432
[03-07-2016 19:29:37.936] [main] INFO  com.mijecu25.sqlplus.SQLPlusConnection:getConnection:97 - Returning SQLPlusConnection instance SQLPlusConnection [username=dev, password=abc.123, database=postgrest, port=5432]
[03-07-2016 19:29:37.936] [main] INFO  com.mijecu25.sqlplus.SQLPlus:createSQLPlusConnection:218 - Created SQLPlusConnection SQLPlusConnection [username=dev, password=abc.123, database=postgrest, port=5432]
[03-07-2016 19:29:37.936] [main] INFO  com.mijecu25.sqlplus.SQLPlus:createSQLPlusConnection:219 - Returning created SQLPlusConnection
[03-07-2016 19:29:51.639] [main] INFO  com.mijecu25.sqlplus.SQLPlus:exitSQLPlus:227 - Quitting SQLPlus
[03-07-2016 20:03:14.075] [main] INFO  com.mijecu25.sqlplus.SQLPlusConnection:getConnection:106 - Creating a new SQLPlusConnection instance with username:test password:********* database:db port:12345
[03-07-2016 20:03:14.076] [main] INFO  com.mijecu25.sqlplus.SQLPlusConnection:<init>:59 - Creating SQLPlusConnection with username:test password:********* database:db port:12345
[03-07-2016 20:03:14.079] [main] INFO  com.mijecu25.sqlplus.SQLPlusConnection:getConnection:151 - Creating a new SQLPlusConnection instance with username:test password:*********
[03-07-2016 20:03:14.079] [main] INFO  com.mijecu25.sqlplus.SQLPlusConnection:<init>:59 - Creating SQLPlusConnection with username:test password:********* database:mysql port:3306
[03-07-2016 20:03:14.080] [main] WARN  com.mijecu25.sqlplus.SQLPlusConnection:getConnection:170 - There is not an SQLPlusConnection
[03-07-2016 20:03:14.081] [main] INFO  com.mijecu25.sqlplus.SQLPlusConnection:getConnection:177 - Returning SQLPlusConnection instancenull
[03-07-2016 20:03:14.081] [main] INFO  com.mijecu25.sqlplus.SQLPlusConnection:getConnection:129 - Creating a new SQLPlusConnection instance with username:test password:********* port:12345
[03-07-2016 20:03:14.081] [main] INFO  com.mijecu25.sqlplus.SQLPlusConnection:<init>:59 - Creating SQLPlusConnection with username:test password:********* database:mysql port:12345
[03-07-2016 20:05:31.978] [main] INFO  com.mijecu25.sqlplus.SQLPlusConnection:getConnection:107 - Creating a new SQLPlusConnection instance with username:test password:********* database:db port:12345
[03-07-2016 20:05:31.979] [main] INFO  com.mijecu25.sqlplus.SQLPlusConnection:<init>:59 - Creating SQLPlusConnection with username:test password:********* database:db port:12345
[03-07-2016 20:05:32.096] [main] INFO  com.mijecu25.sqlplus.SQLPlusConnection:getConnection:114 - Returning SQLPlusConnection instance SQLPlusConnection [username=test, password=abc, database=db, port=12345]
[03-07-2016 20:05:32.097] [main] INFO  com.mijecu25.sqlplus.SQLPlusConnection:getConnection:152 - Creating a new SQLPlusConnection instance with username:test password:*********
[03-07-2016 20:05:32.097] [main] INFO  com.mijecu25.sqlplus.SQLPlusConnection:<init>:59 - Creating SQLPlusConnection with username:test password:********* database:mysql port:3306
[03-07-2016 20:05:32.365] [main] INFO  com.mijecu25.sqlplus.SQLPlusConnection:getConnection:159 - Returning SQLPlusConnection instanceSQLPlusConnection [username=test, password=abc, database=mysql, port=3306]
[03-07-2016 20:05:32.365] [main] WARN  com.mijecu25.sqlplus.SQLPlusConnection:getConnection:171 - There is not an SQLPlusConnection
[03-07-2016 20:05:32.366] [main] INFO  com.mijecu25.sqlplus.SQLPlusConnection:getConnection:178 - Returning SQLPlusConnection instancenull
[03-07-2016 20:05:32.366] [main] INFO  com.mijecu25.sqlplus.SQLPlusConnection:getConnection:130 - Creating a new SQLPlusConnection instance with username:test password:********* port:12345
[03-07-2016 20:05:32.366] [main] INFO  com.mijecu25.sqlplus.SQLPlusConnection:<init>:59 - Creating SQLPlusConnection with username:test password:********* database:mysql port:12345
[03-07-2016 20:05:32.367] [main] INFO  com.mijecu25.sqlplus.SQLPlusConnection:getConnection:137 - Returning SQLPlusConnection instanceSQLPlusConnection [username=test, password=abc, database=mysql, port=12345]
[03-07-2016 20:05:44.072] [main] INFO  com.mijecu25.sqlplus.SQLPlus:main:33 - Initializing SQLPlus
[03-07-2016 20:05:44.074] [main] INFO  com.mijecu25.sqlplus.SQLPlus:main:73 - Create SQLPlusConnection
[03-07-2016 20:05:44.075] [main] INFO  com.mijecu25.sqlplus.SQLPlus:createSQLPlusConnection:121 - Will create a SQLPlusConnection
[03-07-2016 20:05:46.517] [main] INFO  com.mijecu25.sqlplus.SQLPlus:createSQLPlusConnection:128 - User entered database:
[03-07-2016 20:05:48.132] [main] INFO  com.mijecu25.sqlplus.SQLPlus:createSQLPlusConnection:153 - User entered port:
[03-07-2016 20:05:51.692] [main] INFO  com.mijecu25.sqlplus.SQLPlus:createSQLPlusConnection:168 - User entered username:root
[03-07-2016 20:05:52.173] [main] INFO  com.mijecu25.sqlplus.SQLPlus:createSQLPlusConnection:196 - User entered a some password
[03-07-2016 20:05:52.173] [main] INFO  com.mijecu25.sqlplus.SQLPlus:createSQLPlusConnection:199 - Connection with username and password
[03-07-2016 20:05:52.173] [main] INFO  com.mijecu25.sqlplus.SQLPlusConnection:getConnection:152 - Creating a new SQLPlusConnection instance with username:root password:*********
[03-07-2016 20:05:52.173] [main] INFO  com.mijecu25.sqlplus.SQLPlusConnection:<init>:59 - Creating SQLPlusConnection with username:root password:********* database:mysql port:3306
[03-07-2016 20:05:52.569] [main] INFO  com.mijecu25.sqlplus.SQLPlusConnection:getConnection:159 - Returning SQLPlusConnection instanceSQLPlusConnection [username=root, password=, database=mysql, port=3306]
[03-07-2016 20:05:52.569] [main] INFO  com.mijecu25.sqlplus.SQLPlus:createSQLPlusConnection:217 - Created SQLPlusConnection SQLPlusConnection [username=root, password=, database=mysql, port=3306]
[03-07-2016 20:05:52.569] [main] INFO  com.mijecu25.sqlplus.SQLPlus:createSQLPlusConnection:218 - Returning created SQLPlusConnection
[03-07-2016 20:06:26.644] [main] INFO  com.mijecu25.sqlplus.SQLPlus:exitSQLPlus:226 - Quitting SQLPlus
