[06-07-2016 19:14:49.655] [main] INFO  com.mijecu25.sqlplus.connection.SQLPlusMySQLConnection.getConnection(90) - Creating a new SQLPlusMySQLConnection instance with username:root password:********* host:localhost port:3306
[06-07-2016 19:14:49.660] [main] INFO  com.mijecu25.sqlplus.connection.SQLPlusConnection.<init>(51) - Instantiating the credentials that will be used to connect to a mysql database
[06-07-2016 19:14:49.660] [main] INFO  com.mijecu25.sqlplus.connection.SQLPlusMySQLConnection.<init>(41) - Creating SQLPlusMySQLConnection with username:root password:********* host: localhost port:3306
[06-07-2016 19:14:49.660] [main] INFO  com.mijecu25.sqlplus.connection.SQLPlusMySQLConnection.<init>(45) - Will connect to a MySQL database using the credentials provided
[06-07-2016 19:14:49.660] [main] INFO  com.mijecu25.sqlplus.connection.SQLPlusConnection.connect(72) - Adding the connection properties to connect to a mysql database
[06-07-2016 19:14:49.680] [main] INFO  com.mijecu25.sqlplus.connection.SQLPlusConnection.connect(85) - Attempting to connect to the database: jdbc:mysql://localhost:3306/
[06-07-2016 19:14:49.683] [main] WARN  com.mijecu25.sqlplus.connection.SQLPlusConnection.connect(92) - WARNING: Error when attempting to connect to the database
com.mysql.jdbc.exceptions.jdbc4.CommunicationsException: Communications link failure

The last packet sent successfully to the server was 0 milliseconds ago. The driver has not received any packets from the server.
	at sun.reflect.NativeConstructorAccessorImpl.newInstance0(Native Method) ~[?:1.8.0_65]
	at sun.reflect.NativeConstructorAccessorImpl.newInstance(NativeConstructorAccessorImpl.java:62) ~[?:1.8.0_65]
	at sun.reflect.DelegatingConstructorAccessorImpl.newInstance(DelegatingConstructorAccessorImpl.java:45) ~[?:1.8.0_65]
	at java.lang.reflect.Constructor.newInstance(Constructor.java:422) ~[?:1.8.0_65]
	at com.mysql.jdbc.Util.handleNewInstance(Util.java:404) ~[mysql-connector-java-5.1.38.jar:5.1.38]
	at com.mysql.jdbc.SQLError.createCommunicationsException(SQLError.java:981) ~[mysql-connector-java-5.1.38.jar:5.1.38]
	at com.mysql.jdbc.MysqlIO.<init>(MysqlIO.java:339) ~[mysql-connector-java-5.1.38.jar:5.1.38]
	at com.mysql.jdbc.ConnectionImpl.coreConnect(ConnectionImpl.java:2253) ~[mysql-connector-java-5.1.38.jar:5.1.38]
	at com.mysql.jdbc.ConnectionImpl.connectOneTryOnly(ConnectionImpl.java:2286) ~[mysql-connector-java-5.1.38.jar:5.1.38]
	at com.mysql.jdbc.ConnectionImpl.createNewIO(ConnectionImpl.java:2085) ~[mysql-connector-java-5.1.38.jar:5.1.38]
	at com.mysql.jdbc.ConnectionImpl.<init>(ConnectionImpl.java:795) ~[mysql-connector-java-5.1.38.jar:5.1.38]
	at com.mysql.jdbc.JDBC4Connection.<init>(JDBC4Connection.java:44) ~[mysql-connector-java-5.1.38.jar:5.1.38]
	at sun.reflect.NativeConstructorAccessorImpl.newInstance0(Native Method) ~[?:1.8.0_65]
	at sun.reflect.NativeConstructorAccessorImpl.newInstance(NativeConstructorAccessorImpl.java:62) ~[?:1.8.0_65]
	at sun.reflect.DelegatingConstructorAccessorImpl.newInstance(DelegatingConstructorAccessorImpl.java:45) ~[?:1.8.0_65]
	at java.lang.reflect.Constructor.newInstance(Constructor.java:422) ~[?:1.8.0_65]
	at com.mysql.jdbc.Util.handleNewInstance(Util.java:404) ~[mysql-connector-java-5.1.38.jar:5.1.38]
	at com.mysql.jdbc.ConnectionImpl.getInstance(ConnectionImpl.java:400) ~[mysql-connector-java-5.1.38.jar:5.1.38]
	at com.mysql.jdbc.NonRegisteringDriver.connect(NonRegisteringDriver.java:327) ~[mysql-connector-java-5.1.38.jar:5.1.38]
	at java.sql.DriverManager.getConnection(DriverManager.java:664) ~[?:1.8.0_65]
	at java.sql.DriverManager.getConnection(DriverManager.java:208) ~[?:1.8.0_65]
	at com.mijecu25.sqlplus.connection.SQLPlusConnection.connect(SQLPlusConnection.java:88) [classes/:?]
	at com.mijecu25.sqlplus.connection.SQLPlusMySQLConnection.<init>(SQLPlusMySQLConnection.java:46) [classes/:?]
	at com.mijecu25.sqlplus.connection.SQLPlusMySQLConnection.getConnection(SQLPlusMySQLConnection.java:93) [classes/:?]
	at com.mijecu25.sqlplus.connection.TestSQLPlusConnection.initialize(TestSQLPlusConnection.java:40) [test-classes/:?]
	at sun.reflect.NativeMethodAccessorImpl.invoke0(Native Method) ~[?:1.8.0_65]
	at sun.reflect.NativeMethodAccessorImpl.invoke(NativeMethodAccessorImpl.java:62) ~[?:1.8.0_65]
	at sun.reflect.DelegatingMethodAccessorImpl.invoke(DelegatingMethodAccessorImpl.java:43) ~[?:1.8.0_65]
	at java.lang.reflect.Method.invoke(Method.java:497) ~[?:1.8.0_65]
	at org.junit.runners.model.FrameworkMethod$1.runReflectiveCall(FrameworkMethod.java:50) [junit-4.12.jar:4.12]
	at org.junit.internal.runners.model.ReflectiveCallable.run(ReflectiveCallable.java:12) [junit-4.12.jar:4.12]
	at org.junit.runners.model.FrameworkMethod.invokeExplosively(FrameworkMethod.java:47) [junit-4.12.jar:4.12]
	at org.junit.internal.runners.statements.RunBefores.evaluate(RunBefores.java:24) [junit-4.12.jar:4.12]
	at org.junit.internal.runners.statements.RunAfters.evaluate(RunAfters.java:27) [junit-4.12.jar:4.12]
	at org.junit.runners.ParentRunner.run(ParentRunner.java:363) [junit-4.12.jar:4.12]
	at org.apache.maven.surefire.junit4.JUnit4Provider.execute(JUnit4Provider.java:252) [surefire-junit4-2.12.4.jar:2.12.4]
	at org.apache.maven.surefire.junit4.JUnit4Provider.executeTestSet(JUnit4Provider.java:141) [surefire-junit4-2.12.4.jar:2.12.4]
	at org.apache.maven.surefire.junit4.JUnit4Provider.invoke(JUnit4Provider.java:112) [surefire-junit4-2.12.4.jar:2.12.4]
	at sun.reflect.NativeMethodAccessorImpl.invoke0(Native Method) ~[?:1.8.0_65]
	at sun.reflect.NativeMethodAccessorImpl.invoke(NativeMethodAccessorImpl.java:62) ~[?:1.8.0_65]
	at sun.reflect.DelegatingMethodAccessorImpl.invoke(DelegatingMethodAccessorImpl.java:43) ~[?:1.8.0_65]
	at java.lang.reflect.Method.invoke(Method.java:497) ~[?:1.8.0_65]
	at org.apache.maven.surefire.util.ReflectionUtils.invokeMethodWithArray(ReflectionUtils.java:189) [surefire-api-2.12.4.jar:2.12.4]
	at org.apache.maven.surefire.booter.ProviderFactory$ProviderProxy.invoke(ProviderFactory.java:165) [surefire-booter-2.12.4.jar:2.12.4]
	at org.apache.maven.surefire.booter.ProviderFactory.invokeProvider(ProviderFactory.java:85) [surefire-booter-2.12.4.jar:2.12.4]
	at org.apache.maven.surefire.booter.ForkedBooter.runSuitesInProcess(ForkedBooter.java:115) [surefire-booter-2.12.4.jar:2.12.4]
	at org.apache.maven.surefire.booter.ForkedBooter.main(ForkedBooter.java:75) [surefire-booter-2.12.4.jar:2.12.4]
Caused by: java.net.ConnectException: Connection refused
	at java.net.PlainSocketImpl.socketConnect(Native Method) ~[?:1.8.0_65]
	at java.net.AbstractPlainSocketImpl.doConnect(AbstractPlainSocketImpl.java:350) ~[?:1.8.0_65]
	at java.net.AbstractPlainSocketImpl.connectToAddress(AbstractPlainSocketImpl.java:206) ~[?:1.8.0_65]
	at java.net.AbstractPlainSocketImpl.connect(AbstractPlainSocketImpl.java:188) ~[?:1.8.0_65]
	at java.net.SocksSocketImpl.connect(SocksSocketImpl.java:392) ~[?:1.8.0_65]
	at java.net.Socket.connect(Socket.java:589) ~[?:1.8.0_65]
	at com.mysql.jdbc.StandardSocketFactory.connect(StandardSocketFactory.java:211) ~[mysql-connector-java-5.1.38.jar:5.1.38]
	at com.mysql.jdbc.MysqlIO.<init>(MysqlIO.java:298) ~[mysql-connector-java-5.1.38.jar:5.1.38]
	... 40 more
[06-07-2016 19:14:49.689] [main] WARN  com.mijecu25.sqlplus.connection.SQLPlusConnection.connect(97) - WARNING: Throwing a CommunicationsException to the calling class
[06-07-2016 19:14:49.691] [main] INFO  com.mijecu25.sqlplus.connection.SQLPlusMySQLConnection.getConnection(90) - Creating a new SQLPlusMySQLConnection instance with username:root password:********* host:localhost port:3306
[06-07-2016 19:14:49.691] [main] INFO  com.mijecu25.sqlplus.connection.SQLPlusConnection.<init>(51) - Instantiating the credentials that will be used to connect to a mysql database
[06-07-2016 19:14:49.691] [main] INFO  com.mijecu25.sqlplus.connection.SQLPlusMySQLConnection.<init>(41) - Creating SQLPlusMySQLConnection with username:root password:********* host: localhost port:3306
[06-07-2016 19:14:49.691] [main] INFO  com.mijecu25.sqlplus.connection.SQLPlusMySQLConnection.<init>(45) - Will connect to a MySQL database using the credentials provided
[06-07-2016 19:14:49.691] [main] INFO  com.mijecu25.sqlplus.connection.SQLPlusConnection.connect(72) - Adding the connection properties to connect to a mysql database
[06-07-2016 19:14:49.716] [main] INFO  com.mijecu25.sqlplus.connection.SQLPlusConnection.connect(85) - Attempting to connect to the database: jdbc:mysql://localhost:3306/
[06-07-2016 19:14:49.717] [main] WARN  com.mijecu25.sqlplus.connection.SQLPlusConnection.connect(92) - WARNING: Error when attempting to connect to the database
com.mysql.jdbc.exceptions.jdbc4.CommunicationsException: Communications link failure

The last packet sent successfully to the server was 0 milliseconds ago. The driver has not received any packets from the server.
	at sun.reflect.NativeConstructorAccessorImpl.newInstance0(Native Method) ~[?:1.8.0_65]
	at sun.reflect.NativeConstructorAccessorImpl.newInstance(NativeConstructorAccessorImpl.java:62) ~[?:1.8.0_65]
	at sun.reflect.DelegatingConstructorAccessorImpl.newInstance(DelegatingConstructorAccessorImpl.java:45) ~[?:1.8.0_65]
	at java.lang.reflect.Constructor.newInstance(Constructor.java:422) ~[?:1.8.0_65]
	at com.mysql.jdbc.Util.handleNewInstance(Util.java:404) ~[mysql-connector-java-5.1.38.jar:5.1.38]
	at com.mysql.jdbc.SQLError.createCommunicationsException(SQLError.java:981) ~[mysql-connector-java-5.1.38.jar:5.1.38]
	at com.mysql.jdbc.MysqlIO.<init>(MysqlIO.java:339) ~[mysql-connector-java-5.1.38.jar:5.1.38]
	at com.mysql.jdbc.ConnectionImpl.coreConnect(ConnectionImpl.java:2253) ~[mysql-connector-java-5.1.38.jar:5.1.38]
	at com.mysql.jdbc.ConnectionImpl.connectOneTryOnly(ConnectionImpl.java:2286) ~[mysql-connector-java-5.1.38.jar:5.1.38]
	at com.mysql.jdbc.ConnectionImpl.createNewIO(ConnectionImpl.java:2085) ~[mysql-connector-java-5.1.38.jar:5.1.38]
	at com.mysql.jdbc.ConnectionImpl.<init>(ConnectionImpl.java:795) ~[mysql-connector-java-5.1.38.jar:5.1.38]
	at com.mysql.jdbc.JDBC4Connection.<init>(JDBC4Connection.java:44) ~[mysql-connector-java-5.1.38.jar:5.1.38]
	at sun.reflect.NativeConstructorAccessorImpl.newInstance0(Native Method) ~[?:1.8.0_65]
	at sun.reflect.NativeConstructorAccessorImpl.newInstance(NativeConstructorAccessorImpl.java:62) ~[?:1.8.0_65]
	at sun.reflect.DelegatingConstructorAccessorImpl.newInstance(DelegatingConstructorAccessorImpl.java:45) ~[?:1.8.0_65]
	at java.lang.reflect.Constructor.newInstance(Constructor.java:422) ~[?:1.8.0_65]
	at com.mysql.jdbc.Util.handleNewInstance(Util.java:404) ~[mysql-connector-java-5.1.38.jar:5.1.38]
	at com.mysql.jdbc.ConnectionImpl.getInstance(ConnectionImpl.java:400) ~[mysql-connector-java-5.1.38.jar:5.1.38]
	at com.mysql.jdbc.NonRegisteringDriver.connect(NonRegisteringDriver.java:327) ~[mysql-connector-java-5.1.38.jar:5.1.38]
	at java.sql.DriverManager.getConnection(DriverManager.java:664) ~[?:1.8.0_65]
	at java.sql.DriverManager.getConnection(DriverManager.java:208) ~[?:1.8.0_65]
	at com.mijecu25.sqlplus.connection.SQLPlusConnection.connect(SQLPlusConnection.java:88) [classes/:?]
	at com.mijecu25.sqlplus.connection.SQLPlusMySQLConnection.<init>(SQLPlusMySQLConnection.java:46) [classes/:?]
	at com.mijecu25.sqlplus.connection.SQLPlusMySQLConnection.getConnection(SQLPlusMySQLConnection.java:93) [classes/:?]
	at com.mijecu25.sqlplus.connection.TestSQLPlusConnection.initialize(TestSQLPlusConnection.java:40) [test-classes/:?]
	at sun.reflect.NativeMethodAccessorImpl.invoke0(Native Method) ~[?:1.8.0_65]
	at sun.reflect.NativeMethodAccessorImpl.invoke(NativeMethodAccessorImpl.java:62) ~[?:1.8.0_65]
	at sun.reflect.DelegatingMethodAccessorImpl.invoke(DelegatingMethodAccessorImpl.java:43) ~[?:1.8.0_65]
	at java.lang.reflect.Method.invoke(Method.java:497) ~[?:1.8.0_65]
	at org.junit.runners.model.FrameworkMethod$1.runReflectiveCall(FrameworkMethod.java:50) [junit-4.12.jar:4.12]
	at org.junit.internal.runners.model.ReflectiveCallable.run(ReflectiveCallable.java:12) [junit-4.12.jar:4.12]
	at org.junit.runners.model.FrameworkMethod.invokeExplosively(FrameworkMethod.java:47) [junit-4.12.jar:4.12]
	at org.junit.internal.runners.statements.RunBefores.evaluate(RunBefores.java:24) [junit-4.12.jar:4.12]
	at org.junit.internal.runners.statements.RunAfters.evaluate(RunAfters.java:27) [junit-4.12.jar:4.12]
	at org.junit.runners.ParentRunner.run(ParentRunner.java:363) [junit-4.12.jar:4.12]
	at org.apache.maven.surefire.junit4.JUnit4Provider.execute(JUnit4Provider.java:252) [surefire-junit4-2.12.4.jar:2.12.4]
	at org.apache.maven.surefire.junit4.JUnit4Provider.executeTestSet(JUnit4Provider.java:141) [surefire-junit4-2.12.4.jar:2.12.4]
	at org.apache.maven.surefire.junit4.JUnit4Provider.invoke(JUnit4Provider.java:112) [surefire-junit4-2.12.4.jar:2.12.4]
	at sun.reflect.NativeMethodAccessorImpl.invoke0(Native Method) ~[?:1.8.0_65]
	at sun.reflect.NativeMethodAccessorImpl.invoke(NativeMethodAccessorImpl.java:62) ~[?:1.8.0_65]
	at sun.reflect.DelegatingMethodAccessorImpl.invoke(DelegatingMethodAccessorImpl.java:43) ~[?:1.8.0_65]
	at java.lang.reflect.Method.invoke(Method.java:497) ~[?:1.8.0_65]
	at org.apache.maven.surefire.util.ReflectionUtils.invokeMethodWithArray(ReflectionUtils.java:189) [surefire-api-2.12.4.jar:2.12.4]
	at org.apache.maven.surefire.booter.ProviderFactory$ProviderProxy.invoke(ProviderFactory.java:165) [surefire-booter-2.12.4.jar:2.12.4]
	at org.apache.maven.surefire.booter.ProviderFactory.invokeProvider(ProviderFactory.java:85) [surefire-booter-2.12.4.jar:2.12.4]
	at org.apache.maven.surefire.booter.ForkedBooter.runSuitesInProcess(ForkedBooter.java:115) [surefire-booter-2.12.4.jar:2.12.4]
	at org.apache.maven.surefire.booter.ForkedBooter.main(ForkedBooter.java:75) [surefire-booter-2.12.4.jar:2.12.4]
Caused by: java.net.ConnectException: Connection refused
	at java.net.PlainSocketImpl.socketConnect(Native Method) ~[?:1.8.0_65]
	at java.net.AbstractPlainSocketImpl.doConnect(AbstractPlainSocketImpl.java:350) ~[?:1.8.0_65]
	at java.net.AbstractPlainSocketImpl.connectToAddress(AbstractPlainSocketImpl.java:206) ~[?:1.8.0_65]
	at java.net.AbstractPlainSocketImpl.connect(AbstractPlainSocketImpl.java:188) ~[?:1.8.0_65]
	at java.net.SocksSocketImpl.connect(SocksSocketImpl.java:392) ~[?:1.8.0_65]
	at java.net.Socket.connect(Socket.java:589) ~[?:1.8.0_65]
	at com.mysql.jdbc.StandardSocketFactory.connect(StandardSocketFactory.java:211) ~[mysql-connector-java-5.1.38.jar:5.1.38]
	at com.mysql.jdbc.MysqlIO.<init>(MysqlIO.java:298) ~[mysql-connector-java-5.1.38.jar:5.1.38]
	... 40 more
[06-07-2016 19:14:49.718] [main] WARN  com.mijecu25.sqlplus.connection.SQLPlusConnection.connect(97) - WARNING: Throwing a CommunicationsException to the calling class
[06-07-2016 19:17:10.915] [main] INFO  com.mijecu25.sqlplus.compiler.core.statement.Statement.<init>(45) - Created a Statement with a string statement
[06-07-2016 19:17:10.917] [main] INFO  com.mijecu25.sqlplus.compiler.core.statement.Statement.<init>(45) - Created a Statement with a string statement
[06-07-2016 19:17:10.917] [main] INFO  com.mijecu25.sqlplus.compiler.core.statement.Statement.<init>(34) - Created a default Statement
[06-07-2016 19:17:10.934] [main] INFO  com.mijecu25.sqlplus.compiler.core.statement.Statement.<init>(45) - Created a Statement with a string statement
[06-07-2016 19:17:10.934] [main] INFO  com.mijecu25.sqlplus.compiler.core.statement.StatementShowDatabases.<init>(31) - Parsed and created a ShowDatabasesStatement
[06-07-2016 19:17:10.935] [main] INFO  com.mijecu25.sqlplus.compiler.core.statement.StatementShowDatabases.execute(37) - Will execute the code to show the databases
[06-07-2016 19:17:10.938] [main] INFO  com.mijecu25.sqlplus.compiler.core.statement.StatementShowDatabases.printResult(86) - Printing the result
[06-07-2016 19:17:10.940] [main] INFO  com.mijecu25.sqlplus.compiler.core.statement.Statement.<init>(45) - Created a Statement with a string statement
[06-07-2016 19:17:10.941] [main] INFO  com.mijecu25.sqlplus.compiler.core.statement.StatementShowDatabases.<init>(31) - Parsed and created a ShowDatabasesStatement
[06-07-2016 19:17:10.941] [main] INFO  com.mijecu25.sqlplus.compiler.core.statement.Statement.<init>(45) - Created a Statement with a string statement
[06-07-2016 19:17:10.942] [main] INFO  com.mijecu25.sqlplus.compiler.core.statement.Statement.<init>(45) - Created a Statement with a string statement
[06-07-2016 19:17:10.942] [main] INFO  com.mijecu25.sqlplus.compiler.core.statement.Statement.<init>(34) - Created a default Statement
[06-07-2016 19:17:10.957] [main] INFO  com.mijecu25.sqlplus.compiler.core.statement.Statement.<init>(45) - Created a Statement with a string statement
[06-07-2016 19:17:10.958] [main] INFO  com.mijecu25.sqlplus.compiler.core.statement.StatementUseDatabase.<init>(28) - Parsed and created a StatementUseDatabase
[06-07-2016 19:17:10.958] [main] INFO  com.mijecu25.sqlplus.compiler.core.statement.StatementUseDatabase.execute(34) - Will execute the code to use information_schema
[06-07-2016 19:17:10.959] [main] INFO  com.mijecu25.sqlplus.compiler.core.statement.StatementUseDatabase.printResult(70) - Printing message that acknowledges that the database was changed
[06-07-2016 19:17:10.959] [main] INFO  com.mijecu25.sqlplus.compiler.core.statement.Statement.<init>(45) - Created a Statement with a string statement
[06-07-2016 19:17:10.959] [main] INFO  com.mijecu25.sqlplus.compiler.core.statement.StatementUseDatabase.<init>(28) - Parsed and created a StatementUseDatabase
[06-07-2016 19:17:10.960] [main] INFO  com.mijecu25.sqlplus.compiler.core.statement.Statement.<init>(45) - Created a Statement with a string statement
[06-07-2016 19:17:10.960] [main] INFO  com.mijecu25.sqlplus.compiler.core.statement.Statement.<init>(45) - Created a Statement with a string statement
[06-07-2016 19:17:10.960] [main] INFO  com.mijecu25.sqlplus.compiler.core.statement.Statement.<init>(34) - Created a default Statement
[06-07-2016 19:17:10.963] [main] INFO  com.mijecu25.sqlplus.connection.SQLPlusMySQLConnection.getConnection(90) - Creating a new SQLPlusMySQLConnection instance with username:root password:********* host:localhost port:3306
[06-07-2016 19:17:10.963] [main] INFO  com.mijecu25.sqlplus.connection.SQLPlusConnection.<init>(51) - Instantiating the credentials that will be used to connect to a mysql database
[06-07-2016 19:17:10.963] [main] INFO  com.mijecu25.sqlplus.connection.SQLPlusMySQLConnection.<init>(41) - Creating SQLPlusMySQLConnection with username:root password:********* host: localhost port:3306
[06-07-2016 19:17:10.963] [main] INFO  com.mijecu25.sqlplus.connection.SQLPlusMySQLConnection.<init>(45) - Will connect to a MySQL database using the credentials provided
[06-07-2016 19:17:10.963] [main] INFO  com.mijecu25.sqlplus.connection.SQLPlusConnection.connect(72) - Adding the connection properties to connect to a mysql database
[06-07-2016 19:17:10.991] [main] INFO  com.mijecu25.sqlplus.connection.SQLPlusConnection.connect(85) - Attempting to connect to the database: jdbc:mysql://localhost:3306/
[06-07-2016 19:17:10.994] [main] INFO  com.mijecu25.sqlplus.connection.SQLPlusMySQLConnection.getConnection(97) - Returning a SQLPlusMySQLConnection instance SQLPlusConnection [username=root, host=localhost, database=mysql, port=3306]
[06-07-2016 19:17:10.994] [main] INFO  com.mijecu25.sqlplus.compiler.core.statement.Statement.<init>(45) - Created a Statement with a string statement
[06-07-2016 19:17:10.995] [main] INFO  com.mijecu25.sqlplus.compiler.core.statement.StatementShowDatabases.<init>(31) - Parsed and created a ShowDatabasesStatement
[06-07-2016 19:17:10.995] [main] INFO  com.mijecu25.sqlplus.connection.SQLPlusConnection.execute(109) - Query to be executed: "ShowDatabasesStatement [statement=show databases]"
[06-07-2016 19:17:10.995] [main] INFO  com.mijecu25.sqlplus.compiler.core.statement.StatementShowDatabases.execute(37) - Will execute the code to show the databases
[06-07-2016 19:17:10.995] [main] INFO  com.mijecu25.sqlplus.compiler.core.statement.StatementShowDatabases.printResult(86) - Printing the result
[06-07-2016 19:17:10.996] [main] INFO  com.mijecu25.sqlplus.connection.SQLPlusConnection.disconnect(127) - Attempting to disconnect from the database
[06-07-2016 19:17:10.997] [main] INFO  com.mijecu25.sqlplus.connection.SQLPlusConnection.disconnect(129) - Disconnected from the database
[06-07-2016 19:17:10.998] [main] INFO  com.mijecu25.sqlplus.connection.SQLPlusMySQLConnection.getConnection(90) - Creating a new SQLPlusMySQLConnection instance with username:root password:********* host:localhost port:3306
[06-07-2016 19:17:10.998] [main] INFO  com.mijecu25.sqlplus.connection.SQLPlusConnection.<init>(51) - Instantiating the credentials that will be used to connect to a mysql database
[06-07-2016 19:17:10.999] [main] INFO  com.mijecu25.sqlplus.connection.SQLPlusMySQLConnection.<init>(41) - Creating SQLPlusMySQLConnection with username:root password:********* host: localhost port:3306
[06-07-2016 19:17:10.999] [main] INFO  com.mijecu25.sqlplus.connection.SQLPlusMySQLConnection.<init>(45) - Will connect to a MySQL database using the credentials provided
[06-07-2016 19:17:10.999] [main] INFO  com.mijecu25.sqlplus.connection.SQLPlusConnection.connect(72) - Adding the connection properties to connect to a mysql database
[06-07-2016 19:17:11.032] [main] INFO  com.mijecu25.sqlplus.connection.SQLPlusConnection.connect(85) - Attempting to connect to the database: jdbc:mysql://localhost:3306/
[06-07-2016 19:17:11.035] [main] INFO  com.mijecu25.sqlplus.connection.SQLPlusMySQLConnection.getConnection(97) - Returning a SQLPlusMySQLConnection instance SQLPlusConnection [username=root, host=localhost, database=mysql, port=3306]
[06-07-2016 19:17:11.036] [main] WARN  com.mijecu25.sqlplus.connection.SQLPlusMySQLConnection.getConnection(161) - There is not an SQLPlusMySQLConnection
[06-07-2016 19:17:11.036] [main] INFO  com.mijecu25.sqlplus.connection.SQLPlusMySQLConnection.getConnection(168) - Returning a SQLPlusMySQLConnection instance null
[06-07-2016 19:17:11.036] [main] INFO  com.mijecu25.sqlplus.connection.SQLPlusMySQLConnection.getConnection(116) - Creating a new SQLPlusMySQLConnection instance with username:root password:********* host:localhost
[06-07-2016 19:17:11.036] [main] INFO  com.mijecu25.sqlplus.connection.SQLPlusConnection.<init>(51) - Instantiating the credentials that will be used to connect to a mysql database
[06-07-2016 19:17:11.036] [main] INFO  com.mijecu25.sqlplus.connection.SQLPlusMySQLConnection.<init>(41) - Creating SQLPlusMySQLConnection with username:root password:********* host: localhost port:3306
[06-07-2016 19:17:11.036] [main] INFO  com.mijecu25.sqlplus.connection.SQLPlusMySQLConnection.<init>(45) - Will connect to a MySQL database using the credentials provided
[06-07-2016 19:17:11.036] [main] INFO  com.mijecu25.sqlplus.connection.SQLPlusConnection.connect(72) - Adding the connection properties to connect to a mysql database
[06-07-2016 19:17:11.067] [main] INFO  com.mijecu25.sqlplus.connection.SQLPlusConnection.connect(85) - Attempting to connect to the database: jdbc:mysql://localhost:3306/
[06-07-2016 19:17:11.070] [main] INFO  com.mijecu25.sqlplus.connection.SQLPlusMySQLConnection.getConnection(123) - Returning a SQLPlusMySQLConnection instance SQLPlusConnection [username=root, host=localhost, database=mysql, port=3306]
[06-07-2016 19:17:11.071] [main] INFO  com.mijecu25.sqlplus.connection.SQLPlusMySQLConnection.getConnection(90) - Creating a new SQLPlusMySQLConnection instance with username:root password:********* host:localhost port:3306
[06-07-2016 19:17:11.071] [main] INFO  com.mijecu25.sqlplus.connection.SQLPlusConnection.<init>(51) - Instantiating the credentials that will be used to connect to a mysql database
[06-07-2016 19:17:11.071] [main] INFO  com.mijecu25.sqlplus.connection.SQLPlusMySQLConnection.<init>(41) - Creating SQLPlusMySQLConnection with username:root password:********* host: localhost port:3306
[06-07-2016 19:17:11.071] [main] INFO  com.mijecu25.sqlplus.connection.SQLPlusMySQLConnection.<init>(45) - Will connect to a MySQL database using the credentials provided
[06-07-2016 19:17:11.071] [main] INFO  com.mijecu25.sqlplus.connection.SQLPlusConnection.connect(72) - Adding the connection properties to connect to a mysql database
[06-07-2016 19:17:11.088] [main] INFO  com.mijecu25.sqlplus.connection.SQLPlusConnection.connect(85) - Attempting to connect to the database: jdbc:mysql://localhost:3306/
[06-07-2016 19:17:11.091] [main] INFO  com.mijecu25.sqlplus.connection.SQLPlusMySQLConnection.getConnection(97) - Returning a SQLPlusMySQLConnection instance SQLPlusConnection [username=root, host=localhost, database=mysql, port=3306]
[06-07-2016 19:17:11.092] [main] INFO  com.mijecu25.sqlplus.connection.SQLPlusMySQLConnection.getConnection(141) - Creating a new SQLPlusMySQLConnection instance with username:root password:*********
[06-07-2016 19:17:11.092] [main] INFO  com.mijecu25.sqlplus.connection.SQLPlusConnection.<init>(51) - Instantiating the credentials that will be used to connect to a mysql database
[06-07-2016 19:17:11.092] [main] INFO  com.mijecu25.sqlplus.connection.SQLPlusMySQLConnection.<init>(41) - Creating SQLPlusMySQLConnection with username:root password:********* host: 127.0.0.1 port:3306
[06-07-2016 19:17:11.092] [main] INFO  com.mijecu25.sqlplus.connection.SQLPlusMySQLConnection.<init>(45) - Will connect to a MySQL database using the credentials provided
[06-07-2016 19:17:11.092] [main] INFO  com.mijecu25.sqlplus.connection.SQLPlusConnection.connect(72) - Adding the connection properties to connect to a mysql database
[06-07-2016 19:17:11.102] [main] INFO  com.mijecu25.sqlplus.connection.SQLPlusConnection.connect(85) - Attempting to connect to the database: jdbc:mysql://127.0.0.1:3306/
[06-07-2016 19:17:11.106] [main] INFO  com.mijecu25.sqlplus.connection.SQLPlusMySQLConnection.getConnection(148) - Returning a SQLPlusMySQLConnection instance SQLPlusConnection [username=root, host=127.0.0.1, database=mysql, port=3306]
[06-07-2016 19:17:11.106] [main] INFO  com.mijecu25.sqlplus.compiler.core.statement.Statement.<init>(45) - Created a Statement with a string statement
[06-07-2016 19:17:11.106] [main] INFO  com.mijecu25.sqlplus.compiler.core.statement.StatementShowDatabases.<init>(31) - Parsed and created a ShowDatabasesStatement
[06-07-2016 19:17:11.106] [main] INFO  com.mijecu25.sqlplus.connection.SQLPlusConnection.execute(109) - Query to be executed: "ShowDatabasesStatement [statement=show databases]"
[06-07-2016 19:17:11.106] [main] INFO  com.mijecu25.sqlplus.compiler.core.statement.StatementShowDatabases.execute(37) - Will execute the code to show the databases
[06-07-2016 19:17:11.107] [main] INFO  com.mijecu25.sqlplus.compiler.core.statement.StatementShowDatabases.printResult(86) - Printing the result
[06-07-2016 19:17:11.107] [main] INFO  com.mijecu25.sqlplus.connection.SQLPlusConnection.disconnect(127) - Attempting to disconnect from the database
[06-07-2016 19:17:11.108] [main] INFO  com.mijecu25.sqlplus.connection.SQLPlusConnection.disconnect(129) - Disconnected from the database
[06-07-2016 19:17:21.479] [main] INFO  com.mijecu25.sqlplus.compiler.core.statement.Statement.<init>(45) - Created a Statement with a string statement
[06-07-2016 19:17:21.480] [main] INFO  com.mijecu25.sqlplus.compiler.core.statement.Statement.<init>(45) - Created a Statement with a string statement
[06-07-2016 19:17:21.480] [main] INFO  com.mijecu25.sqlplus.compiler.core.statement.Statement.<init>(34) - Created a default Statement
[06-07-2016 19:17:21.500] [main] INFO  com.mijecu25.sqlplus.compiler.core.statement.Statement.<init>(45) - Created a Statement with a string statement
[06-07-2016 19:17:21.500] [main] INFO  com.mijecu25.sqlplus.compiler.core.statement.StatementShowDatabases.<init>(31) - Parsed and created a ShowDatabasesStatement
[06-07-2016 19:17:21.500] [main] INFO  com.mijecu25.sqlplus.compiler.core.statement.StatementShowDatabases.execute(37) - Will execute the code to show the databases
[06-07-2016 19:17:21.503] [main] INFO  com.mijecu25.sqlplus.compiler.core.statement.StatementShowDatabases.printResult(86) - Printing the result
[06-07-2016 19:17:21.505] [main] INFO  com.mijecu25.sqlplus.compiler.core.statement.Statement.<init>(45) - Created a Statement with a string statement
[06-07-2016 19:17:21.506] [main] INFO  com.mijecu25.sqlplus.compiler.core.statement.StatementShowDatabases.<init>(31) - Parsed and created a ShowDatabasesStatement
[06-07-2016 19:17:21.506] [main] INFO  com.mijecu25.sqlplus.compiler.core.statement.Statement.<init>(45) - Created a Statement with a string statement
[06-07-2016 19:17:21.506] [main] INFO  com.mijecu25.sqlplus.compiler.core.statement.Statement.<init>(45) - Created a Statement with a string statement
[06-07-2016 19:17:21.506] [main] INFO  com.mijecu25.sqlplus.compiler.core.statement.Statement.<init>(34) - Created a default Statement
[06-07-2016 19:17:21.517] [main] INFO  com.mijecu25.sqlplus.compiler.core.statement.Statement.<init>(45) - Created a Statement with a string statement
[06-07-2016 19:17:21.517] [main] INFO  com.mijecu25.sqlplus.compiler.core.statement.StatementUseDatabase.<init>(28) - Parsed and created a StatementUseDatabase
[06-07-2016 19:17:21.518] [main] INFO  com.mijecu25.sqlplus.compiler.core.statement.StatementUseDatabase.execute(34) - Will execute the code to use information_schema
[06-07-2016 19:17:21.518] [main] INFO  com.mijecu25.sqlplus.compiler.core.statement.StatementUseDatabase.printResult(70) - Printing message that acknowledges that the database was changed
[06-07-2016 19:17:21.519] [main] INFO  com.mijecu25.sqlplus.compiler.core.statement.Statement.<init>(45) - Created a Statement with a string statement
[06-07-2016 19:17:21.519] [main] INFO  com.mijecu25.sqlplus.compiler.core.statement.StatementUseDatabase.<init>(28) - Parsed and created a StatementUseDatabase
[06-07-2016 19:17:21.519] [main] INFO  com.mijecu25.sqlplus.compiler.core.statement.Statement.<init>(45) - Created a Statement with a string statement
[06-07-2016 19:17:21.519] [main] INFO  com.mijecu25.sqlplus.compiler.core.statement.Statement.<init>(45) - Created a Statement with a string statement
[06-07-2016 19:17:21.520] [main] INFO  com.mijecu25.sqlplus.compiler.core.statement.Statement.<init>(34) - Created a default Statement
[06-07-2016 19:17:21.522] [main] INFO  com.mijecu25.sqlplus.connection.SQLPlusMySQLConnection.getConnection(90) - Creating a new SQLPlusMySQLConnection instance with username:root password:********* host:localhost port:3306
[06-07-2016 19:17:21.522] [main] INFO  com.mijecu25.sqlplus.connection.SQLPlusConnection.<init>(51) - Instantiating the credentials that will be used to connect to a mysql database
[06-07-2016 19:17:21.522] [main] INFO  com.mijecu25.sqlplus.connection.SQLPlusMySQLConnection.<init>(41) - Creating SQLPlusMySQLConnection with username:root password:********* host: localhost port:3306
[06-07-2016 19:17:21.522] [main] INFO  com.mijecu25.sqlplus.connection.SQLPlusMySQLConnection.<init>(45) - Will connect to a MySQL database using the credentials provided
[06-07-2016 19:17:21.522] [main] INFO  com.mijecu25.sqlplus.connection.SQLPlusConnection.connect(72) - Adding the connection properties to connect to a mysql database
[06-07-2016 19:17:21.552] [main] INFO  com.mijecu25.sqlplus.connection.SQLPlusConnection.connect(85) - Attempting to connect to the database: jdbc:mysql://localhost:3306/
[06-07-2016 19:17:21.556] [main] INFO  com.mijecu25.sqlplus.connection.SQLPlusMySQLConnection.getConnection(97) - Returning a SQLPlusMySQLConnection instance SQLPlusConnection [username=root, host=localhost, database=mysql, port=3306]
[06-07-2016 19:17:21.556] [main] INFO  com.mijecu25.sqlplus.compiler.core.statement.Statement.<init>(45) - Created a Statement with a string statement
[06-07-2016 19:17:21.556] [main] INFO  com.mijecu25.sqlplus.compiler.core.statement.StatementShowDatabases.<init>(31) - Parsed and created a ShowDatabasesStatement
[06-07-2016 19:17:21.556] [main] INFO  com.mijecu25.sqlplus.connection.SQLPlusConnection.execute(109) - Query to be executed: "ShowDatabasesStatement [statement=show databases]"
[06-07-2016 19:17:21.556] [main] INFO  com.mijecu25.sqlplus.compiler.core.statement.StatementShowDatabases.execute(37) - Will execute the code to show the databases
[06-07-2016 19:17:21.557] [main] INFO  com.mijecu25.sqlplus.compiler.core.statement.StatementShowDatabases.printResult(86) - Printing the result
[06-07-2016 19:17:21.558] [main] INFO  com.mijecu25.sqlplus.connection.SQLPlusConnection.disconnect(127) - Attempting to disconnect from the database
[06-07-2016 19:17:21.558] [main] INFO  com.mijecu25.sqlplus.connection.SQLPlusConnection.disconnect(129) - Disconnected from the database
[06-07-2016 19:17:21.559] [main] INFO  com.mijecu25.sqlplus.connection.SQLPlusMySQLConnection.getConnection(90) - Creating a new SQLPlusMySQLConnection instance with username:root password:********* host:localhost port:3306
[06-07-2016 19:17:21.559] [main] INFO  com.mijecu25.sqlplus.connection.SQLPlusConnection.<init>(51) - Instantiating the credentials that will be used to connect to a mysql database
[06-07-2016 19:17:21.560] [main] INFO  com.mijecu25.sqlplus.connection.SQLPlusMySQLConnection.<init>(41) - Creating SQLPlusMySQLConnection with username:root password:********* host: localhost port:3306
[06-07-2016 19:17:21.560] [main] INFO  com.mijecu25.sqlplus.connection.SQLPlusMySQLConnection.<init>(45) - Will connect to a MySQL database using the credentials provided
[06-07-2016 19:17:21.560] [main] INFO  com.mijecu25.sqlplus.connection.SQLPlusConnection.connect(72) - Adding the connection properties to connect to a mysql database
[06-07-2016 19:17:21.595] [main] INFO  com.mijecu25.sqlplus.connection.SQLPlusConnection.connect(85) - Attempting to connect to the database: jdbc:mysql://localhost:3306/
[06-07-2016 19:17:21.598] [main] INFO  com.mijecu25.sqlplus.connection.SQLPlusMySQLConnection.getConnection(97) - Returning a SQLPlusMySQLConnection instance SQLPlusConnection [username=root, host=localhost, database=mysql, port=3306]
[06-07-2016 19:17:21.598] [main] WARN  com.mijecu25.sqlplus.connection.SQLPlusMySQLConnection.getConnection(161) - There is not an SQLPlusMySQLConnection
[06-07-2016 19:17:21.598] [main] INFO  com.mijecu25.sqlplus.connection.SQLPlusMySQLConnection.getConnection(168) - Returning a SQLPlusMySQLConnection instance null
[06-07-2016 19:17:21.599] [main] INFO  com.mijecu25.sqlplus.connection.SQLPlusMySQLConnection.getConnection(116) - Creating a new SQLPlusMySQLConnection instance with username:root password:********* host:localhost
[06-07-2016 19:17:21.599] [main] INFO  com.mijecu25.sqlplus.connection.SQLPlusConnection.<init>(51) - Instantiating the credentials that will be used to connect to a mysql database
[06-07-2016 19:17:21.599] [main] INFO  com.mijecu25.sqlplus.connection.SQLPlusMySQLConnection.<init>(41) - Creating SQLPlusMySQLConnection with username:root password:********* host: localhost port:3306
[06-07-2016 19:17:21.599] [main] INFO  com.mijecu25.sqlplus.connection.SQLPlusMySQLConnection.<init>(45) - Will connect to a MySQL database using the credentials provided
[06-07-2016 19:17:21.599] [main] INFO  com.mijecu25.sqlplus.connection.SQLPlusConnection.connect(72) - Adding the connection properties to connect to a mysql database
[06-07-2016 19:17:21.628] [main] INFO  com.mijecu25.sqlplus.connection.SQLPlusConnection.connect(85) - Attempting to connect to the database: jdbc:mysql://localhost:3306/
[06-07-2016 19:17:21.631] [main] INFO  com.mijecu25.sqlplus.connection.SQLPlusMySQLConnection.getConnection(123) - Returning a SQLPlusMySQLConnection instance SQLPlusConnection [username=root, host=localhost, database=mysql, port=3306]
[06-07-2016 19:17:21.632] [main] INFO  com.mijecu25.sqlplus.connection.SQLPlusMySQLConnection.getConnection(90) - Creating a new SQLPlusMySQLConnection instance with username:root password:********* host:localhost port:3306
[06-07-2016 19:17:21.632] [main] INFO  com.mijecu25.sqlplus.connection.SQLPlusConnection.<init>(51) - Instantiating the credentials that will be used to connect to a mysql database
[06-07-2016 19:17:21.632] [main] INFO  com.mijecu25.sqlplus.connection.SQLPlusMySQLConnection.<init>(41) - Creating SQLPlusMySQLConnection with username:root password:********* host: localhost port:3306
[06-07-2016 19:17:21.632] [main] INFO  com.mijecu25.sqlplus.connection.SQLPlusMySQLConnection.<init>(45) - Will connect to a MySQL database using the credentials provided
[06-07-2016 19:17:21.632] [main] INFO  com.mijecu25.sqlplus.connection.SQLPlusConnection.connect(72) - Adding the connection properties to connect to a mysql database
[06-07-2016 19:17:21.650] [main] INFO  com.mijecu25.sqlplus.connection.SQLPlusConnection.connect(85) - Attempting to connect to the database: jdbc:mysql://localhost:3306/
[06-07-2016 19:17:21.653] [main] INFO  com.mijecu25.sqlplus.connection.SQLPlusMySQLConnection.getConnection(97) - Returning a SQLPlusMySQLConnection instance SQLPlusConnection [username=root, host=localhost, database=mysql, port=3306]
[06-07-2016 19:17:21.653] [main] INFO  com.mijecu25.sqlplus.connection.SQLPlusMySQLConnection.getConnection(141) - Creating a new SQLPlusMySQLConnection instance with username:root password:*********
[06-07-2016 19:17:21.653] [main] INFO  com.mijecu25.sqlplus.connection.SQLPlusConnection.<init>(51) - Instantiating the credentials that will be used to connect to a mysql database
[06-07-2016 19:17:21.653] [main] INFO  com.mijecu25.sqlplus.connection.SQLPlusMySQLConnection.<init>(41) - Creating SQLPlusMySQLConnection with username:root password:********* host: 127.0.0.1 port:3306
[06-07-2016 19:17:21.653] [main] INFO  com.mijecu25.sqlplus.connection.SQLPlusMySQLConnection.<init>(45) - Will connect to a MySQL database using the credentials provided
[06-07-2016 19:17:21.654] [main] INFO  com.mijecu25.sqlplus.connection.SQLPlusConnection.connect(72) - Adding the connection properties to connect to a mysql database
[06-07-2016 19:17:21.664] [main] INFO  com.mijecu25.sqlplus.connection.SQLPlusConnection.connect(85) - Attempting to connect to the database: jdbc:mysql://127.0.0.1:3306/
[06-07-2016 19:17:21.668] [main] INFO  com.mijecu25.sqlplus.connection.SQLPlusMySQLConnection.getConnection(148) - Returning a SQLPlusMySQLConnection instance SQLPlusConnection [username=root, host=127.0.0.1, database=mysql, port=3306]
[06-07-2016 19:17:21.668] [main] INFO  com.mijecu25.sqlplus.compiler.core.statement.Statement.<init>(45) - Created a Statement with a string statement
[06-07-2016 19:17:21.668] [main] INFO  com.mijecu25.sqlplus.compiler.core.statement.StatementShowDatabases.<init>(31) - Parsed and created a ShowDatabasesStatement
[06-07-2016 19:17:21.668] [main] INFO  com.mijecu25.sqlplus.connection.SQLPlusConnection.execute(109) - Query to be executed: "ShowDatabasesStatement [statement=show databases]"
[06-07-2016 19:17:21.668] [main] INFO  com.mijecu25.sqlplus.compiler.core.statement.StatementShowDatabases.execute(37) - Will execute the code to show the databases
[06-07-2016 19:17:21.669] [main] INFO  com.mijecu25.sqlplus.compiler.core.statement.StatementShowDatabases.printResult(86) - Printing the result
[06-07-2016 19:17:21.670] [main] INFO  com.mijecu25.sqlplus.connection.SQLPlusConnection.disconnect(127) - Attempting to disconnect from the database
[06-07-2016 19:17:21.670] [main] INFO  com.mijecu25.sqlplus.connection.SQLPlusConnection.disconnect(129) - Disconnected from the database
[06-07-2016 19:24:48.615] [main] INFO  com.mijecu25.sqlplus.SQLPlus.main(57) - Initializing SQLPlus version 0.1.0-SNAPSHOT
[06-07-2016 19:24:48.736] [main] INFO  com.mijecu25.sqlplus.SQLPlus.main(108) - Create SQLPlusConnection
[06-07-2016 19:24:48.736] [main] INFO  com.mijecu25.sqlplus.SQLPlus.createSQLPlusConnection(400) - Connection with username, password, and host
[06-07-2016 19:24:48.737] [main] INFO  com.mijecu25.sqlplus.connection.SQLPlusMySQLConnection.getConnection(116) - Creating a new SQLPlusMySQLConnection instance with username:sqlplus password:********* host:127.0.0.1
[06-07-2016 19:24:48.737] [main] INFO  com.mijecu25.sqlplus.connection.SQLPlusConnection.<init>(51) - Instantiating the credentials that will be used to connect to a mysql database
[06-07-2016 19:24:48.737] [main] INFO  com.mijecu25.sqlplus.connection.SQLPlusMySQLConnection.<init>(41) - Creating SQLPlusMySQLConnection with username:sqlplus password:********* host: 127.0.0.1 port:3306
[06-07-2016 19:24:48.737] [main] INFO  com.mijecu25.sqlplus.connection.SQLPlusMySQLConnection.<init>(45) - Will connect to a MySQL database using the credentials provided
[06-07-2016 19:24:48.737] [main] INFO  com.mijecu25.sqlplus.connection.SQLPlusConnection.connect(72) - Adding the connection properties to connect to a mysql database
[06-07-2016 19:24:48.753] [main] INFO  com.mijecu25.sqlplus.connection.SQLPlusConnection.connect(85) - Attempting to connect to the database: jdbc:mysql://127.0.0.1:3306/
[06-07-2016 19:24:48.943] [main] INFO  com.mijecu25.sqlplus.connection.SQLPlusMySQLConnection.getConnection(123) - Returning a SQLPlusMySQLConnection instance SQLPlusConnection [username=sqlplus, host=127.0.0.1, database=mysql, port=3306]
[06-07-2016 19:24:48.943] [main] INFO  com.mijecu25.sqlplus.SQLPlus.createSQLPlusConnection(404) - Created and returning a SQLPlusConnection SQLPlusConnection [username=sqlplus, host=127.0.0.1, database=mysql, port=3306]
[06-07-2016 19:24:51.743] [main] INFO  com.mijecu25.sqlplus.SQLPlus.main(200) - Raw input from the user: show databases;
[06-07-2016 19:24:51.744] [main] INFO  com.mijecu25.sqlplus.SQLPlus.main(203) - Will parse the user input to determine what to execute
[06-07-2016 19:24:51.754] [main] INFO  com.mijecu25.sqlplus.compiler.core.statement.Statement.<init>(45) - Created a Statement with a string statement
[06-07-2016 19:24:51.754] [main] INFO  com.mijecu25.sqlplus.compiler.core.statement.StatementShowDatabases.<init>(31) - Parsed and created a ShowDatabasesStatement
[06-07-2016 19:24:51.755] [main] INFO  com.mijecu25.sqlplus.connection.SQLPlusConnection.execute(109) - Query to be executed: "ShowDatabasesStatement [statement=show databases]"
[06-07-2016 19:24:51.755] [main] INFO  com.mijecu25.sqlplus.compiler.core.statement.StatementShowDatabases.execute(37) - Will execute the code to show the databases
[06-07-2016 19:24:51.757] [main] INFO  com.mijecu25.sqlplus.compiler.core.statement.StatementShowDatabases.printResult(86) - Printing the result
[06-07-2016 19:24:58.368] [main] INFO  com.mijecu25.sqlplus.SQLPlus.main(200) - Raw input from the user: select yugioh_db;
[06-07-2016 19:24:58.368] [main] INFO  com.mijecu25.sqlplus.SQLPlus.main(203) - Will parse the user input to determine what to execute
