02-28-2016 18:09:27.486 [main] INFO  com.mijecu25.sqlplus.SQLPlus:25 - Initializing SQLPlus
02-28-2016 18:09:27.491 [main] INFO  com.mijecu25.sqlplus.SQLPlus:38 - Create SQLPlusConnection
02-28-2016 18:09:27.491 [main] INFO  com.mijecu25.sqlplus.SQLPlus:74 - Will create a SQLPlusConnection
02-28-2016 18:09:34.586 [main] INFO  com.mijecu25.sqlplus.SQLPlus:80 - User entered database:
02-28-2016 18:09:40.114 [main] INFO  com.mijecu25.sqlplus.SQLPlus:84 - User entered port:
02-28-2016 18:09:42.323 [main] INFO  com.mijecu25.sqlplus.SQLPlus:98 - User entered username:miguel
02-28-2016 18:10:05.318 [main] INFO  com.mijecu25.sqlplus.SQLPlus:25 - Initializing SQLPlus
02-28-2016 18:10:05.323 [main] INFO  com.mijecu25.sqlplus.SQLPlus:38 - Create SQLPlusConnection
02-28-2016 18:10:05.323 [main] INFO  com.mijecu25.sqlplus.SQLPlus:74 - Will create a SQLPlusConnection
02-28-2016 18:10:09.001 [main] INFO  com.mijecu25.sqlplus.SQLPlus:80 - User entered database:db
02-28-2016 18:10:13.297 [main] INFO  com.mijecu25.sqlplus.SQLPlus:84 - User entered port:789
02-28-2016 18:10:15.217 [main] INFO  com.mijecu25.sqlplus.SQLPlus:98 - User entered username:miguel
02-28-2016 18:10:17.697 [main] INFO  com.mijecu25.sqlplus.SQLPlus:114 - User entered a password of length:7
02-28-2016 18:10:17.697 [main] INFO  com.mijecu25.sqlplus.SQLPlus:127 - Connection with all credentials
02-28-2016 18:10:17.698 [main] INFO  com.mijecu25.sqlplus.SQLPlusConnection:88 - Creating a new SQLPlusConnection instance with username:miguel password:********* database:db port:789
02-28-2016 18:10:17.698 [main] INFO  com.mijecu25.sqlplus.SQLPlusConnection:47 - Creating SQLPlusConnection with username:miguel password:********* database:db port:789
02-28-2016 18:10:17.698 [main] INFO  com.mijecu25.sqlplus.SQLPlusConnection:95 - Returning SQLPlusConnection instanceSQLPlusConnection [username=miguel, password=abc.123, database=db, port=789]
02-28-2016 18:10:17.698 [main] INFO  com.mijecu25.sqlplus.SQLPlus:135 - Created SQLPlusConnection SQLPlusConnection [username=miguel, password=abc.123, database=db, port=789]
02-28-2016 18:10:17.699 [main] INFO  com.mijecu25.sqlplus.SQLPlus:136 - Returning created SQLPlusConnection
02-28-2016 18:13:06.452 [main] INFO  com.mijecu25.sqlplus.SQLPlus:25 - Initializing SQLPlus
02-28-2016 18:13:06.457 [main] INFO  com.mijecu25.sqlplus.SQLPlus:38 - Create SQLPlusConnection
02-28-2016 18:13:06.457 [main] INFO  com.mijecu25.sqlplus.SQLPlus:74 - Will create a SQLPlusConnection
02-28-2016 18:13:12.034 [main] INFO  com.mijecu25.sqlplus.SQLPlus:80 - User entered database:
02-28-2016 18:13:12.578 [main] INFO  com.mijecu25.sqlplus.SQLPlus:84 - User entered port:
02-28-2016 18:13:15.194 [main] INFO  com.mijecu25.sqlplus.SQLPlus:98 - User entered username:sfadf
02-28-2016 18:13:42.797 [main] INFO  com.mijecu25.sqlplus.SQLPlus:25 - Initializing SQLPlus
02-28-2016 18:13:42.801 [main] INFO  com.mijecu25.sqlplus.SQLPlus:38 - Create SQLPlusConnection
02-28-2016 18:13:42.801 [main] INFO  com.mijecu25.sqlplus.SQLPlus:74 - Will create a SQLPlusConnection
02-28-2016 18:13:46.912 [main] INFO  com.mijecu25.sqlplus.SQLPlus:80 - User entered database:
02-28-2016 18:13:47.344 [main] INFO  com.mijecu25.sqlplus.SQLPlus:84 - User entered port:
02-28-2016 18:13:49.440 [main] INFO  com.mijecu25.sqlplus.SQLPlus:98 - User entered username:abc.123
02-28-2016 18:13:54.855 [main] INFO  com.mijecu25.sqlplus.SQLPlus:114 - User entered a password of length:4
02-28-2016 18:13:54.855 [main] INFO  com.mijecu25.sqlplus.SQLPlus:117 - Connection with username and password
02-28-2016 18:13:54.856 [main] INFO  com.mijecu25.sqlplus.SQLPlusConnection:133 - Creating a new SQLPlusConnection instance with username:abc.123 password:*********
02-28-2016 18:13:54.856 [main] INFO  com.mijecu25.sqlplus.SQLPlusConnection:47 - Creating SQLPlusConnection with username:abc.123 password:********* database:mysql port:3306
02-28-2016 18:13:54.856 [main] INFO  com.mijecu25.sqlplus.SQLPlusConnection:140 - Returning SQLPlusConnection instanceSQLPlusConnection [username=abc.123, password=test, database=mysql, port=3306]
02-28-2016 18:13:54.856 [main] INFO  com.mijecu25.sqlplus.SQLPlus:135 - Created SQLPlusConnection SQLPlusConnection [username=abc.123, password=test, database=mysql, port=3306]
02-28-2016 18:13:54.856 [main] INFO  com.mijecu25.sqlplus.SQLPlus:136 - Returning created SQLPlusConnection
